### 12.04.2019 21:29:45
catalog


### 15.04.2019 20:48:51
index


### 15.04.2019 20:48:54
catalog


### 15.04.2019 20:48:58
product


### 15.04.2019 20:48:59
index


### 15.04.2019 20:49:04
catalog


### 15.04.2019 20:49:32
catalog


### 15.04.2019 20:49:35
index


### 15.04.2019 20:49:45
index


### 15.04.2019 20:49:51
index


### 15.04.2019 20:49:54
news


### 15.04.2019 20:50:25
news


### 15.04.2019 20:50:29
index


### 15.04.2019 20:50:41
news


### 15.04.2019 20:54:06
index


### 15.04.2019 20:54:13
index


### 15.04.2019 20:54:32
index


### 15.04.2019 20:54:38
index


### 15.04.2019 20:54:41
news


### 15.04.2019 20:55:47
index


### 15.04.2019 20:55:58
index


### 15.04.2019 20:56:06
index


### 15.04.2019 20:56:16
index


### 15.04.2019 20:56:55
index


### 15.04.2019 20:57:11
index


### 15.04.2019 20:57:16
index


### 15.04.2019 20:58:37
index


### 15.04.2019 20:58:46
news


### 15.04.2019 20:58:59
newss


### 15.04.2019 20:59:06
news


### 15.04.2019 20:59:11
news


### 15.04.2019 20:59:12
index


### 15.04.2019 20:59:13
news


### 15.04.2019 20:59:14
news


### 15.04.2019 20:59:15
news


### 15.04.2019 20:59:16
news


### 15.04.2019 20:59:18
news


### 15.04.2019 20:59:19
news


### 15.04.2019 20:59:20
index


### 15.04.2019 20:59:21
news


### 15.04.2019 21:01:52
news


### 15.04.2019 21:01:53
index


### 15.04.2019 21:13:37
news


### 15.04.2019 21:15:05
news


### 15.04.2019 21:15:19
newspage


### 15.04.2019 21:15:22
newspage


### 15.04.2019 21:16:12
news


### 15.04.2019 21:19:57
newspage


### 15.04.2019 21:20:48
newspage


### 15.04.2019 21:20:51
news


### 15.04.2019 21:20:52
newspage


### 15.04.2019 21:28:17
newspage


### 15.04.2019 21:28:18
index


### 15.04.2019 21:28:19
news


### 15.04.2019 21:28:20
index


### 15.04.2019 21:28:20
news


### 15.04.2019 21:28:43
news


### 15.04.2019 21:28:46
news


### 15.04.2019 21:28:46
feedback


### 15.04.2019 21:29:07
newspage


### 15.04.2019 21:29:09
news


### 18.04.2019 12:34:40
index


### 18.04.2019 12:34:40
catalog


### 18.04.2019 12:34:41
catalog


### 18.04.2019 12:34:46
index


### 18.04.2019 12:34:51
index


### 18.04.2019 12:34:59
feedback


### 18.04.2019 13:05:38
catalog


### 18.04.2019 13:05:38
.img


### 18.04.2019 13:05:50
index


### 18.04.2019 13:11:31
catalog


### 18.04.2019 13:11:31
.img


### 18.04.2019 13:11:33
catalog


### 18.04.2019 13:11:33
.img


### 18.04.2019 13:12:22
catalog


### 18.04.2019 13:12:34
catalog


### 18.04.2019 13:13:45
catalog


### 18.04.2019 13:13:46
catalog


### 18.04.2019 13:13:48
catalog


### 18.04.2019 13:13:49
catalog


### 18.04.2019 13:13:50
catalog


### 18.04.2019 13:13:50
catalog


### 18.04.2019 13:13:56
index


### 18.04.2019 13:14:00
catalog


### 18.04.2019 13:14:00
catalog


### 18.04.2019 13:14:08
catalog


### 18.04.2019 13:14:08
catalog


### 18.04.2019 13:14:47
catalog


### 18.04.2019 13:14:47
catalog


### 18.04.2019 13:15:00
catalog


### 18.04.2019 13:15:00
catalog


### 18.04.2019 13:15:22
index


### 18.04.2019 13:15:24
catalog


### 18.04.2019 13:15:24
catalog


### 18.04.2019 13:15:35
catalog


### 18.04.2019 13:15:35
catalog


### 18.04.2019 13:17:11
catalog


### 18.04.2019 13:17:11
catalog


### 18.04.2019 13:17:11
catalog


### 18.04.2019 13:17:11
catalog


### 18.04.2019 13:17:37
catalog


### 18.04.2019 13:17:37
catalog


### 18.04.2019 13:17:37
catalog


### 18.04.2019 13:17:42
catalog


### 18.04.2019 13:17:42
catalog


### 18.04.2019 13:17:42
catalog


### 18.04.2019 13:17:57
catalog


### 18.04.2019 13:17:57
catalog


### 18.04.2019 13:17:57
catalog


### 18.04.2019 13:18:25
catalog


### 18.04.2019 13:18:25
catalog


### 18.04.2019 13:18:25
catalog


### 18.04.2019 13:19:25
catalog


### 18.04.2019 13:19:25
catalog


### 18.04.2019 13:19:25
catalog


### 18.04.2019 13:19:26
catalog


### 18.04.2019 13:19:26
catalog


### 18.04.2019 13:19:26
catalog


### 18.04.2019 13:19:31
catalog


### 18.04.2019 13:19:31
catalog


### 18.04.2019 13:19:31
catalog


### 18.04.2019 13:24:28
catalog


### 18.04.2019 13:24:29
catalog


### 18.04.2019 13:24:29
catalog


### 18.04.2019 13:24:34
index


### 18.04.2019 13:24:37
catalog


### 18.04.2019 13:24:37
catalog


### 18.04.2019 13:24:37
catalog


### 18.04.2019 13:26:49
catalog


### 18.04.2019 13:26:49
catalog


### 18.04.2019 13:26:49
catalog


### 18.04.2019 13:26:58
catalog


### 18.04.2019 13:26:58
catalog


### 18.04.2019 13:26:58
catalog


### 18.04.2019 13:27:26
catalog


### 18.04.2019 13:27:26
catalog


### 18.04.2019 13:27:26
catalog


### 18.04.2019 13:27:52
catalog


### 18.04.2019 13:27:52
catalog


### 18.04.2019 13:27:52
catalog


### 18.04.2019 13:27:52
catalog


### 18.04.2019 13:27:52
catalog


### 18.04.2019 13:28:01
catalog


### 18.04.2019 13:28:01
catalog


### 18.04.2019 13:28:01
catalog


### 18.04.2019 13:28:01
catalog


### 18.04.2019 13:28:12
catalog


### 18.04.2019 13:28:12
catalog


### 18.04.2019 13:28:12
catalog


### 18.04.2019 13:28:12
catalog


### 18.04.2019 13:28:45
catalog


### 18.04.2019 13:28:45
catalog


### 18.04.2019 13:28:46
catalog


### 18.04.2019 13:28:46
catalog


### 18.04.2019 13:28:52
catalog


### 18.04.2019 13:28:52
catalog


### 18.04.2019 13:28:52
catalog


### 18.04.2019 13:45:05
index


### 18.04.2019 13:45:09
catalog


### 18.04.2019 13:45:09
catalog


### 18.04.2019 13:45:09
catalog


### 18.04.2019 13:45:09
catalog


### 18.04.2019 13:46:53
image_page


### 18.04.2019 13:46:53
image_page


### 18.04.2019 13:53:27
image_page


### 18.04.2019 13:53:27
image_page


### 18.04.2019 13:53:42
image_page


### 18.04.2019 13:53:42
image_page


### 18.04.2019 13:53:42
image_page


### 18.04.2019 13:53:53
image_page


### 18.04.2019 13:53:53
image_page


### 18.04.2019 13:57:00
image_page


### 18.04.2019 13:57:00
image_page


### 18.04.2019 13:57:01
image_page


### 18.04.2019 13:57:03
image_page


### 18.04.2019 13:57:03
image_page


### 18.04.2019 13:57:03
image_page


### 18.04.2019 13:57:12
index


### 18.04.2019 13:57:18
catalog


### 18.04.2019 13:57:18
catalog


### 18.04.2019 13:57:18
catalog


### 18.04.2019 13:57:18
catalog


### 18.04.2019 13:57:18
catalog


### 18.04.2019 13:57:49
index


### 18.04.2019 13:58:57
index


### 18.04.2019 13:58:59
catalog


### 18.04.2019 13:58:59
catalog


### 18.04.2019 13:58:59
catalog


### 18.04.2019 13:58:59
catalog


### 18.04.2019 13:58:59
catalog


### 18.04.2019 13:59:01
catalog


### 18.04.2019 13:59:01
catalog


### 18.04.2019 13:59:01
catalog


### 18.04.2019 13:59:01
catalog


### 18.04.2019 13:59:01
catalog


### 18.04.2019 13:59:46
catalog


### 18.04.2019 13:59:46
catalog


### 18.04.2019 13:59:46
catalog


### 18.04.2019 13:59:46
catalog


### 18.04.2019 14:00:24
catalog


### 18.04.2019 14:00:24
catalog


### 18.04.2019 14:00:24
catalog


### 18.04.2019 14:00:25
catalog


### 18.04.2019 14:00:29
image_page


### 18.04.2019 14:00:30
image_page


### 18.04.2019 14:02:22
image_page


### 18.04.2019 14:02:22
image_page


### 18.04.2019 14:05:57
image_page


### 18.04.2019 14:05:58
image_page


### 18.04.2019 14:07:22
image_page


### 18.04.2019 14:07:22
image_page


### 18.04.2019 14:08:11
image_page


### 18.04.2019 14:08:11
image_page


### 18.04.2019 14:08:21
image_page


### 18.04.2019 14:08:22
image_page


### 18.04.2019 14:08:25
image_page


### 18.04.2019 14:08:25
image_page


### 18.04.2019 14:08:27
catalog


### 18.04.2019 14:08:27
catalog


### 18.04.2019 14:08:27
catalog


### 18.04.2019 14:08:27
catalog


### 18.04.2019 14:08:30
image_page


### 18.04.2019 14:08:30
image_page


### 18.04.2019 14:09:16
image_page


### 18.04.2019 14:09:16
image_page


### 18.04.2019 14:09:19
image_page


### 18.04.2019 14:09:19
image_page


### 18.04.2019 14:09:42
index


### 18.04.2019 14:09:45
catalog


### 18.04.2019 14:09:46
catalog


### 18.04.2019 14:09:46
catalog


### 18.04.2019 14:09:46
catalog


### 18.04.2019 14:09:48
image_page


### 18.04.2019 14:09:48
image_page


### 18.04.2019 14:10:19
image_page


### 18.04.2019 14:10:19
image_page


### 18.04.2019 14:10:34
image_page


### 18.04.2019 14:10:34
image_page


### 18.04.2019 14:10:43
image_page


### 18.04.2019 14:10:43
image_page


### 18.04.2019 14:10:57
image_page


### 18.04.2019 14:10:57
image_page


### 18.04.2019 14:11:33
image_page


### 18.04.2019 14:11:34
image_page


### 18.04.2019 14:12:51
image_page


### 18.04.2019 14:12:51
image_page


### 18.04.2019 14:13:37
image_page


### 18.04.2019 14:13:37
image_page


### 18.04.2019 14:14:38
image_page


### 18.04.2019 14:14:38
image_page


### 18.04.2019 14:15:09
image_page


### 18.04.2019 14:15:09
image_page


### 18.04.2019 14:17:18
image_page


### 18.04.2019 14:17:18
image_page


### 18.04.2019 14:17:58
image_page


### 18.04.2019 14:17:58
image_page


### 18.04.2019 14:19:28
image_page


### 18.04.2019 14:19:28
image_page


### 18.04.2019 14:20:08
image_page


### 18.04.2019 14:20:08
image_page


### 18.04.2019 14:20:35
image_page


### 18.04.2019 14:20:36
image_page


### 18.04.2019 16:05:53
index


### 18.04.2019 16:05:55
catalog


### 18.04.2019 16:05:55
catalog


### 18.04.2019 16:05:55
catalog


### 18.04.2019 16:05:55
catalog


### 18.04.2019 16:05:58
image_page


### 18.04.2019 16:05:59
image_page


### 18.04.2019 16:06:03
catalog


### 18.04.2019 16:06:03
catalog


### 18.04.2019 16:06:03
catalog


### 18.04.2019 16:06:03
catalog


### 18.04.2019 16:06:07
image_page


### 18.04.2019 16:06:07
image_page


### 18.04.2019 16:06:13
image_page


### 18.04.2019 16:06:14
image_page


### 18.04.2019 16:06:17
catalog


### 18.04.2019 16:06:17
catalog


### 18.04.2019 16:06:17
catalog


### 18.04.2019 16:06:17
catalog


### 18.04.2019 16:06:21
catalog


### 18.04.2019 16:06:21
catalog


### 18.04.2019 16:06:21
catalog


### 18.04.2019 16:06:21
catalog


### 18.04.2019 16:06:23
image_page


### 18.04.2019 16:06:23
image_page


### 18.04.2019 16:07:07
catalog


### 18.04.2019 16:07:07
catalog


### 18.04.2019 16:07:07
catalog


### 18.04.2019 16:07:07
catalog


### 18.04.2019 16:07:10
image_page


### 18.04.2019 16:07:10
image_page


### 18.04.2019 16:09:08
image_page


### 18.04.2019 16:09:08
image_page


### 18.04.2019 16:09:10
catalog


### 18.04.2019 16:09:10
catalog


### 18.04.2019 16:09:10
catalog


### 18.04.2019 16:09:10
catalog


### 18.04.2019 16:10:37
image_page


### 18.04.2019 16:10:38
image_page


### 18.04.2019 16:11:41
image_page


### 18.04.2019 16:11:42
image_page


### 18.04.2019 16:13:53
image_page


### 18.04.2019 16:13:54
image_page


### 18.04.2019 16:13:55
catalog


### 18.04.2019 16:13:55
catalog


### 18.04.2019 16:13:55
catalog


### 18.04.2019 16:13:55
catalog


### 18.04.2019 16:13:57
image_page


### 18.04.2019 16:13:57
image_page


### 18.04.2019 16:13:59
catalog


### 18.04.2019 16:13:59
catalog


### 18.04.2019 16:13:59
catalog


### 18.04.2019 16:13:59
catalog


### 18.04.2019 16:14:00
image_page


### 18.04.2019 16:14:00
image_page


### 18.04.2019 16:18:12
catalog


### 18.04.2019 16:18:12
catalog


### 18.04.2019 16:18:12
catalog


### 18.04.2019 16:18:12
catalog


### 18.04.2019 16:18:17
image_page


### 18.04.2019 16:18:17
image_page


### 18.04.2019 16:23:52
image_page


### 18.04.2019 16:23:52
image_page


### 18.04.2019 16:23:52
image_page


### 18.04.2019 16:23:52
image_page


### 18.04.2019 16:23:58
catalog


### 18.04.2019 16:23:58
catalog


### 18.04.2019 16:23:58
catalog


### 18.04.2019 16:24:01
image_page


### 18.04.2019 16:24:01
image_page


### 18.04.2019 16:24:01
image_page


### 18.04.2019 16:24:01
image_page


### 18.04.2019 16:25:32
image_page


### 18.04.2019 16:25:32
image_page


### 18.04.2019 16:25:32
image_page


### 18.04.2019 16:25:33
catalog


### 18.04.2019 16:25:33
catalog


### 18.04.2019 16:25:33
catalog


### 18.04.2019 16:25:33
catalog


### 18.04.2019 16:25:36
image_page


### 18.04.2019 16:25:36
image_page


### 18.04.2019 16:25:43
catalog


### 18.04.2019 16:25:43
catalog


### 18.04.2019 16:25:43
catalog


### 18.04.2019 16:25:43
catalog


### 18.04.2019 16:25:44
image_page


### 18.04.2019 16:25:44
image_page


### 18.04.2019 16:26:32
image_page


### 18.04.2019 16:26:34
catalog


### 18.04.2019 16:26:34
catalog


### 18.04.2019 16:26:34
catalog


### 18.04.2019 16:26:34
catalog


### 18.04.2019 16:26:35
image_page


### 18.04.2019 16:26:35
image_page


### 18.04.2019 16:26:38
catalog


### 18.04.2019 16:26:38
catalog


### 18.04.2019 16:26:38
catalog


### 18.04.2019 16:26:38
catalog


### 18.04.2019 16:26:39
image_page


### 18.04.2019 16:26:40
image_page


### 18.04.2019 19:12:39
image_page


### 18.04.2019 19:12:39
image_page


### 18.04.2019 19:20:25
image_page


### 18.04.2019 19:20:26
image_page


### 18.04.2019 19:20:27
catalog


### 18.04.2019 19:21:40
catalog


### 18.04.2019 19:24:36
catalog


### 18.04.2019 19:24:36
catalog


### 18.04.2019 19:24:36
catalog


### 18.04.2019 19:24:36
catalog


### 18.04.2019 19:25:02
catalog


### 18.04.2019 19:26:37
catalog


### 18.04.2019 19:27:31
catalog


### 18.04.2019 19:28:28
catalog


### 18.04.2019 19:28:48
catalog


### 18.04.2019 19:29:51
image_page


### 18.04.2019 19:29:51
image_page


### 18.04.2019 19:30:39
image_page


### 18.04.2019 19:30:40
image_page


### 18.04.2019 19:31:24
image_page


### 18.04.2019 19:31:24
image_page


### 18.04.2019 19:31:54
image_page


### 18.04.2019 19:31:54
image_page


### 18.04.2019 19:33:25
catalog


### 18.04.2019 19:33:43
catalog


### 18.04.2019 19:33:43
catalog


### 18.04.2019 19:34:06
catalog


### 18.04.2019 19:34:07
catalog


### 18.04.2019 19:34:11
image_page


### 18.04.2019 19:34:11
image_page


### 18.04.2019 19:35:15
catalog


### 18.04.2019 19:36:10
catalog


### 18.04.2019 19:36:15
catalog


### 18.04.2019 19:36:25
image_page


### 18.04.2019 19:36:25
img


### 18.04.2019 19:37:26
catalog


### 18.04.2019 19:37:35
catalog


### 18.04.2019 19:37:35
catalog


### 18.04.2019 19:37:40
image_page


### 18.04.2019 19:38:49
image_page


### 18.04.2019 19:39:41
image_page


### 18.04.2019 19:40:15
image_page


### 18.04.2019 19:41:59
image_page


### 18.04.2019 19:42:18
image_page


### 18.04.2019 19:42:35
image_page


### 18.04.2019 19:42:42
image_page


### 18.04.2019 19:43:07
catalog


### 18.04.2019 19:43:10
image_page


### 18.04.2019 19:43:12
catalog


### 18.04.2019 19:43:15
image_page


### 18.04.2019 19:45:13
image_page


### 18.04.2019 19:45:16
catalog


### 18.04.2019 19:45:25
catalog


### 18.04.2019 20:00:24
index


### 18.04.2019 20:00:29
catalog


### 18.04.2019 20:00:34
image_page


### 18.04.2019 20:01:06
catalog


### 18.04.2019 20:01:46
catalog


### 18.04.2019 20:02:32
news


### 18.04.2019 20:02:39
catalog


### 18.04.2019 20:02:48
catalog


### 18.04.2019 20:02:48
catalog


### 18.04.2019 20:02:53
image_page


### 18.04.2019 20:03:45
image_page


### 18.04.2019 20:03:47
catalog


### 18.04.2019 20:03:48
image_page


### 18.04.2019 20:04:10
image_page


### 18.04.2019 20:04:29
image_page


### 18.04.2019 20:04:41
image_page


### 18.04.2019 20:06:55
image_page


### 18.04.2019 20:06:56
catalog


### 18.04.2019 20:06:57
image_page


### 18.04.2019 20:07:06
catalog


### 18.04.2019 20:07:32
catalog


### 18.04.2019 20:09:34
catalog


### 18.04.2019 20:09:36
catalog


### 18.04.2019 20:09:38
image_page


### 18.04.2019 20:10:28
image_page


### 18.04.2019 20:11:47
image_page


### 18.04.2019 20:11:47
image_page


### 18.04.2019 20:11:49
image_page


### 18.04.2019 20:11:49
image_page


### 18.04.2019 20:12:01
image_page


### 18.04.2019 20:12:02
image_page


### 18.04.2019 20:12:03
image_page


### 18.04.2019 20:21:12
image_page


### 18.04.2019 20:21:19
catalog


### 18.04.2019 20:21:21
image_page


### 18.04.2019 20:21:27
catalog


### 18.04.2019 20:22:22
catalog


### 18.04.2019 20:22:24
image_page


### 18.04.2019 20:22:26
catalog


### 18.04.2019 20:22:41
image_page


### 18.04.2019 20:26:48
image_page


### 18.04.2019 20:26:51
catalog


### 18.04.2019 20:35:07
catalog


### 18.04.2019 20:35:09
image_page


### 18.04.2019 20:35:11
image_page


### 18.04.2019 20:35:13
image_page


### 18.04.2019 20:35:53
image_page


### 18.04.2019 20:35:56
image_page


### 18.04.2019 20:36:28
image_page


### 18.04.2019 20:36:29
image_page


### 18.04.2019 20:36:30
image_page


### 18.04.2019 20:36:31
image_page


### 18.04.2019 20:36:32
image_page


### 18.04.2019 20:36:47
catalog


### 18.04.2019 20:36:49
image_page


### 18.04.2019 20:37:42
image_page


### 18.04.2019 20:37:43
image_page


### 18.04.2019 20:37:44
image_page


### 18.04.2019 20:37:45
image_page


### 18.04.2019 20:57:03
image_page


### 18.04.2019 20:57:19
image_page


### 18.04.2019 20:57:21
image_page


### 18.04.2019 20:57:23
image_page


### 18.04.2019 20:59:58
image_page


### 18.04.2019 21:00:27
image_page


### 18.04.2019 21:00:54
image_page


### 18.04.2019 21:00:57
image_page


### 18.04.2019 21:01:31
image_page


### 18.04.2019 21:01:31
image_page


### 18.04.2019 21:01:31
image_page


### 18.04.2019 21:01:31
image_page


### 18.04.2019 21:01:31
image_page


### 18.04.2019 21:01:31
image_page


### 18.04.2019 21:01:31
image_page


### 18.04.2019 21:01:31
image_page


### 18.04.2019 21:01:31
image_page


### 18.04.2019 21:01:31
image_page


### 18.04.2019 21:01:31
image_page


### 18.04.2019 21:01:31
image_page


### 18.04.2019 21:01:31
image_page


### 18.04.2019 21:01:31
image_page


### 18.04.2019 21:01:31
image_page


### 18.04.2019 21:01:31
image_page


### 18.04.2019 21:01:31
image_page


### 18.04.2019 21:01:31
image_page


### 18.04.2019 21:01:31
image_page


### 18.04.2019 21:01:31
image_page


### 18.04.2019 21:01:35
image_page


### 18.04.2019 21:01:35
image_page


### 18.04.2019 21:01:35
image_page


### 18.04.2019 21:01:35
image_page


### 18.04.2019 21:01:35
image_page


### 18.04.2019 21:01:35
image_page


### 18.04.2019 21:01:35
image_page


### 18.04.2019 21:01:35
image_page


### 18.04.2019 21:01:35
image_page


### 18.04.2019 21:01:35
image_page


### 18.04.2019 21:01:35
image_page


### 18.04.2019 21:01:35
image_page


### 18.04.2019 21:01:36
image_page


### 18.04.2019 21:01:36
image_page


### 18.04.2019 21:01:36
image_page


### 18.04.2019 21:01:36
image_page


### 18.04.2019 21:01:36
image_page


### 18.04.2019 21:01:36
image_page


### 18.04.2019 21:01:36
image_page


### 18.04.2019 21:01:36
image_page


### 18.04.2019 21:01:38
image_page


### 18.04.2019 21:01:38
image_page


### 18.04.2019 21:01:38
image_page


### 18.04.2019 21:01:38
image_page


### 18.04.2019 21:01:38
image_page


### 18.04.2019 21:01:38
image_page


### 18.04.2019 21:01:38
image_page


### 18.04.2019 21:01:39
image_page


### 18.04.2019 21:01:39
image_page


### 18.04.2019 21:01:39
image_page


### 18.04.2019 21:01:39
image_page


### 18.04.2019 21:01:39
image_page


### 18.04.2019 21:01:39
image_page


### 18.04.2019 21:01:39
image_page


### 18.04.2019 21:01:39
image_page


### 18.04.2019 21:01:39
image_page


### 18.04.2019 21:01:39
image_page


### 18.04.2019 21:01:39
image_page


### 18.04.2019 21:01:39
image_page


### 18.04.2019 21:01:39
image_page


### 18.04.2019 21:01:42
image_page


### 18.04.2019 21:01:42
image_page


### 18.04.2019 21:01:42
image_page


### 18.04.2019 21:01:42
image_page


### 18.04.2019 21:01:42
image_page


### 18.04.2019 21:01:42
image_page


### 18.04.2019 21:01:42
image_page


### 18.04.2019 21:01:42
image_page


### 18.04.2019 21:01:42
image_page


### 18.04.2019 21:01:42
image_page


### 18.04.2019 21:01:42
image_page


### 18.04.2019 21:01:42
image_page


### 18.04.2019 21:01:42
image_page


### 18.04.2019 21:01:42
image_page


### 18.04.2019 21:01:42
image_page


### 18.04.2019 21:01:43
image_page


### 18.04.2019 21:01:43
image_page


### 18.04.2019 21:01:43
image_page


### 18.04.2019 21:01:43
image_page


### 18.04.2019 21:01:43
image_page


### 18.04.2019 21:01:48
image_page


### 18.04.2019 21:01:48
image_page


### 18.04.2019 21:01:48
image_page


### 18.04.2019 21:01:48
image_page


### 18.04.2019 21:01:48
image_page


### 18.04.2019 21:01:48
image_page


### 18.04.2019 21:01:48
image_page


### 18.04.2019 21:01:48
image_page


### 18.04.2019 21:01:48
image_page


### 18.04.2019 21:01:49
image_page


### 18.04.2019 21:01:49
image_page


### 18.04.2019 21:01:49
image_page


### 18.04.2019 21:01:49
image_page


### 18.04.2019 21:01:49
image_page


### 18.04.2019 21:01:49
image_page


### 18.04.2019 21:01:49
image_page


### 18.04.2019 21:01:49
image_page


### 18.04.2019 21:01:49
image_page


### 18.04.2019 21:01:49
image_page


### 18.04.2019 21:01:49
image_page


### 18.04.2019 21:02:04
image_page


### 18.04.2019 21:02:05
image_page


### 18.04.2019 21:02:05
image_page


### 18.04.2019 21:02:05
image_page


### 18.04.2019 21:02:05
image_page


### 18.04.2019 21:02:05
image_page


### 18.04.2019 21:02:05
image_page


### 18.04.2019 21:02:05
image_page


### 18.04.2019 21:02:05
image_page


### 18.04.2019 21:02:05
image_page


### 18.04.2019 21:02:05
image_page


### 18.04.2019 21:02:05
image_page


### 18.04.2019 21:02:05
image_page


### 18.04.2019 21:02:05
image_page


### 18.04.2019 21:02:05
image_page


### 18.04.2019 21:02:05
image_page


### 18.04.2019 21:02:05
image_page


### 18.04.2019 21:02:05
image_page


### 18.04.2019 21:02:05
image_page


### 18.04.2019 21:02:05
image_page


### 18.04.2019 21:02:10
image_page


### 18.04.2019 21:02:10
image_page


### 18.04.2019 21:02:10
image_page


### 18.04.2019 21:02:10
image_page


### 18.04.2019 21:02:10
image_page


### 18.04.2019 21:02:10
image_page


### 18.04.2019 21:02:10
image_page


### 18.04.2019 21:02:10
image_page


### 18.04.2019 21:02:10
image_page


### 18.04.2019 21:02:10
image_page


### 18.04.2019 21:02:10
image_page


### 18.04.2019 21:02:10
image_page


### 18.04.2019 21:02:10
image_page


### 18.04.2019 21:02:10
image_page


### 18.04.2019 21:02:10
image_page


### 18.04.2019 21:02:10
image_page


### 18.04.2019 21:02:11
image_page


### 18.04.2019 21:02:11
image_page


### 18.04.2019 21:02:11
image_page


### 18.04.2019 21:02:11
image_page


### 18.04.2019 21:02:24
image_page


### 18.04.2019 21:03:25
catalog


### 18.04.2019 21:03:29
image_page


### 18.04.2019 21:03:33
catalog


### 18.04.2019 21:04:29
catalog


### 18.04.2019 21:04:29
catalog


### 18.04.2019 21:04:32
image_page


### 18.04.2019 21:04:37
catalog


### 18.04.2019 21:09:14
catalog


### 18.04.2019 21:09:14
catalog


### 18.04.2019 21:09:21
catalog


### 18.04.2019 21:09:21
catalog


### 18.04.2019 21:09:34
catalog


### 18.04.2019 21:09:34
catalog


### 18.04.2019 21:09:37
image_page


### 18.04.2019 21:09:42
catalog


### 18.04.2019 21:09:43
image_page


### 18.04.2019 21:09:45
catalog


### 18.04.2019 21:09:46
image_page


### 18.04.2019 21:09:48
catalog


### 18.04.2019 21:09:51
image_page


### 18.04.2019 21:09:52
catalog


### 18.04.2019 21:09:54
image_page


### 18.04.2019 21:09:55
catalog


### 18.04.2019 21:09:57
image_page


### 18.04.2019 21:09:58
catalog


### 18.04.2019 22:04:45
catalog


### 18.04.2019 22:04:48
index


### 18.04.2019 22:04:49
catalog


### 18.04.2019 22:04:52
about


### 18.04.2019 22:05:11
image_page


### 18.04.2019 22:05:15
image_page


### 18.04.2019 22:05:17
image_page


### 18.04.2019 22:05:18
image_page


### 18.04.2019 22:05:18
image_page


### 18.04.2019 22:05:19
image_page


### 18.04.2019 22:05:21
catalog


### 18.04.2019 22:05:50
image_page


### 18.04.2019 22:06:52
image_page


### 18.04.2019 22:07:39
image_page


### 18.04.2019 22:08:56
image_page


### 18.04.2019 22:08:59
image_page


### 18.04.2019 22:09:30
index


### 18.04.2019 22:09:35
catalog


### 18.04.2019 22:10:02
catalog


### 18.04.2019 22:10:08
image_page


### 18.04.2019 22:15:02
image_page


### 18.04.2019 22:17:01
image_page


### 18.04.2019 22:17:30
image_page


### 18.04.2019 22:17:40
catalog


### 18.04.2019 22:17:42
image_page


### 18.04.2019 22:18:05
image_page


### 18.04.2019 22:18:15
image_page


### 18.04.2019 22:18:30
image_page


### 18.04.2019 22:19:09
image_page


### 18.04.2019 22:54:26
catalog


### 18.04.2019 22:54:29
image_page


### 18.04.2019 22:54:43
catalog


### 18.04.2019 22:54:49
image_page


### 18.04.2019 22:54:56
catalog


### 18.04.2019 22:54:58
image_page


### 18.04.2019 22:55:03
catalog


### 18.04.2019 22:55:07
image_page


### 18.04.2019 22:55:09
catalog


### 18.04.2019 22:55:28
catalog


### 18.04.2019 22:55:28
catalog


### 18.04.2019 22:55:36
image_page


### 18.04.2019 22:55:38
catalog


### 18.04.2019 22:55:42
index


### 18.04.2019 22:56:26
index


### 18.04.2019 22:56:29
catalog


### 18.04.2019 22:56:33
about


### 18.04.2019 23:04:59
about


### 18.04.2019 23:05:17
image_page


### 18.04.2019 23:05:26
catalog


### 18.04.2019 23:06:14
image_page


### 18.04.2019 23:09:22
image_page


### 18.04.2019 23:09:53
image_page


### 18.04.2019 23:09:54
gallery


### 18.04.2019 23:10:47
gallery


### 18.04.2019 23:10:50
index


### 18.04.2019 23:10:51
gallery


### 18.04.2019 23:12:02
gallery


### 18.04.2019 23:13:30
gallery


### 18.04.2019 23:13:37
gallery


### 18.04.2019 23:13:39
image_page


### 18.04.2019 23:13:43
gallery


### 19.04.2019 08:29:21
gallery


### 19.04.2019 08:29:49
gallery


### 19.04.2019 08:29:49
gallery


### 19.04.2019 08:29:59
gallery


### 19.04.2019 08:29:59
gallery


### 19.04.2019 08:30:09
gallery


### 19.04.2019 08:30:09
gallery


### 19.04.2019 08:30:15
gallery


### 19.04.2019 08:30:15
gallery


### 19.04.2019 08:30:22
gallery


### 19.04.2019 08:30:23
gallery


### 19.04.2019 08:30:26
gallery


### 19.04.2019 08:30:26
gallery


### 19.04.2019 08:30:36
image_page


### 19.04.2019 08:30:51
gallery


### 19.04.2019 08:30:55
image_page


### 19.04.2019 08:30:58
gallery


### 19.04.2019 08:31:00
image_page


### 19.04.2019 08:31:02
gallery


### 19.04.2019 12:21:44
image_page


### 19.04.2019 12:21:51
image_page


### 19.04.2019 12:21:52
image_page


### 19.04.2019 12:21:54
image_page


### 19.04.2019 12:21:56
gallery


### 19.04.2019 12:22:05
image_page


### 19.04.2019 12:22:08
image_page


### 19.04.2019 12:22:09
image_page


### 19.04.2019 12:22:10
image_page


### 19.04.2019 12:22:11
image_page


### 19.04.2019 12:22:12
image_page


### 19.04.2019 12:22:13
image_page


### 19.04.2019 12:22:14
image_page


### 19.04.2019 12:22:16
gallery


### 22.04.2019 11:19:31
index


### 22.04.2019 11:19:37
gallery


### 22.04.2019 11:57:23
gallery


### 22.04.2019 11:57:26
products


### 22.04.2019 11:59:19
products


### 22.04.2019 11:59:19
products


### 22.04.2019 11:59:19
products


### 22.04.2019 11:59:19
products


### 22.04.2019 11:59:19
products


### 22.04.2019 12:01:28
products


### 22.04.2019 12:01:29
products


### 22.04.2019 12:01:29
products


### 22.04.2019 12:01:29
products


### 22.04.2019 12:01:30
products


### 22.04.2019 12:03:38
products


### 22.04.2019 12:03:38
products


### 22.04.2019 12:03:38
products


### 22.04.2019 12:03:38
products


### 22.04.2019 12:03:38
products


### 22.04.2019 12:05:09
products


### 22.04.2019 12:05:09
img


### 22.04.2019 12:06:08
image_page


### 22.04.2019 12:09:43
products


### 22.04.2019 12:09:43
img


### 22.04.2019 12:09:44
single_page


### 22.04.2019 12:09:44
single_page


### 22.04.2019 12:09:44
single_page


### 22.04.2019 13:46:37
single_page


### 22.04.2019 13:47:28
single_page


### 22.04.2019 13:47:31
single_page


### 22.04.2019 13:49:46
single_page


### 22.04.2019 13:55:02
single_page


### 22.04.2019 13:55:56
single_page


### 22.04.2019 14:21:25
single_page


### 22.04.2019 14:25:20
single_page


### 22.04.2019 14:26:14
single_page


### 22.04.2019 14:28:47
single_page


### 22.04.2019 14:28:50
single_page


### 22.04.2019 14:30:06
single_page


### 22.04.2019 14:31:18
single_page


### 22.04.2019 14:31:59
single_page


### 22.04.2019 14:56:33
single_page


### 22.04.2019 14:57:05
single_page


### 22.04.2019 14:59:52
single_page


### 22.04.2019 15:00:23
single_page


### 22.04.2019 15:02:01
single_page


### 22.04.2019 15:02:19
single_page


### 22.04.2019 15:04:24
single_page


### 22.04.2019 15:04:35
single_page


### 22.04.2019 15:14:24
single_page


### 22.04.2019 15:17:40
index


### 22.04.2019 15:17:43
products


### 22.04.2019 15:17:43
img


### 22.04.2019 15:17:45
single_page


### 22.04.2019 15:18:05
single_page


### 22.04.2019 15:19:27
index


### 22.04.2019 15:19:32
products


### 22.04.2019 15:19:32
img


### 22.04.2019 15:19:33
single_page


### 22.04.2019 15:19:40
single_page


### 22.04.2019 15:19:49
single_page


### 22.04.2019 15:20:01
single_page


### 22.04.2019 15:34:30
single_page


### 22.04.2019 15:44:40
single_page


### 22.04.2019 15:44:48
products


### 22.04.2019 15:44:48
img


### 22.04.2019 15:44:50
single_page


### 22.04.2019 15:45:23
single_page


### 22.04.2019 15:48:58
single_page


### 22.04.2019 15:49:08
products


### 22.04.2019 15:49:08
img


### 22.04.2019 15:49:09
single_page


### 22.04.2019 15:52:09
single_page


### 22.04.2019 15:52:55
single_page


### 22.04.2019 16:44:48
single_page


### 22.04.2019 16:45:12
single_page


### 22.04.2019 16:45:32
single_page


### 22.04.2019 16:46:22
single_page


### 22.04.2019 16:48:47
single_page


### 22.04.2019 16:50:31
single_page


### 22.04.2019 16:53:46
single_page


### 22.04.2019 16:54:43
single_page


### 22.04.2019 16:54:45
single_page


### 22.04.2019 16:55:08
single_page


### 22.04.2019 16:56:15
single_page


### 22.04.2019 16:56:50
single_page


### 22.04.2019 16:57:59
single_page


### 22.04.2019 16:58:39
single_page


### 22.04.2019 16:59:13
single_page


### 22.04.2019 16:59:42
single_page


### 22.04.2019 16:59:52
single_page


### 22.04.2019 17:00:12
single_page


### 22.04.2019 17:01:02
single_page


### 22.04.2019 17:01:23
single_page


### 22.04.2019 17:02:08
single_page


### 22.04.2019 17:02:50
single_page


### 22.04.2019 17:03:54
single_page


### 22.04.2019 17:04:05
single_page


### 22.04.2019 17:04:33
single_page


### 22.04.2019 17:04:43
single_page


### 22.04.2019 17:04:58
single_page


### 22.04.2019 17:05:12
single_page


### 22.04.2019 17:05:52
single_page


### 22.04.2019 17:06:03
single_page


### 22.04.2019 17:06:29
single_page


### 22.04.2019 17:07:22
single_page


### 22.04.2019 17:07:37
single_page


### 22.04.2019 17:10:29
single_page


### 22.04.2019 17:11:25
single_page


### 22.04.2019 17:13:57
products


### 22.04.2019 17:13:59
products


### 22.04.2019 17:14:01
img


### 22.04.2019 17:14:18
single_page


### 22.04.2019 17:14:53
single_page


### 22.04.2019 17:15:19
single_page


### 22.04.2019 17:15:34
products


### 22.04.2019 17:15:34
img


### 22.04.2019 17:17:20
products


### 22.04.2019 17:17:23
single_page


### 22.04.2019 17:35:17
single_page


### 22.04.2019 17:37:28
single_page


### 22.04.2019 17:37:34
products


### 22.04.2019 17:37:36
single_page


