### 12.04.2019 21:28:27
Array
(
    [username] => Вася
)



### 12.04.2019 21:29:45
Array
(
    [catalog] => Array
        (
            [0] => Спички
            [1] => Кружка
            [2] => Ведро
        )

)



### 13.04.2019 10:59:24
Array
(
    [username] => Вася
)



### 13.04.2019 10:59:54
Array
(
    [username] => Вася
)



### 13.04.2019 11:02:27
Array
(
    [username] => Вася
)



### 13.04.2019 11:05:53
Array
(
    [username] => Вася
)



### 13.04.2019 11:07:54
Array
(
    [username] => Вася
)



### 13.04.2019 11:10:30
Array
(
    [username] => Вася
)



### 13.04.2019 11:13:23
Array
(
    [username] => Вася
)



### 13.04.2019 11:13:24
Array
(
    [username] => Вася
)



### 13.04.2019 12:16:42
Array
(
    [username] => Вася
)



### 13.04.2019 12:16:51
Array
(
    [catalog] => Array
        (
            [0] => Спички
            [1] => Кружка
            [2] => Ведро
        )

)



### 13.04.2019 12:17:02
Array
(
)



### 13.04.2019 12:17:11
Array
(
    [catalog] => Array
        (
            [0] => Спички
            [1] => Кружка
            [2] => Ведро
        )

)



### 13.04.2019 12:18:36
Array
(
    [catalog] => Array
        (
            [0] => Спички
            [1] => Кружка
            [2] => Ведро
        )

)



### 13.04.2019 12:20:03
Array
(
    [catalog] => Array
        (
            [0] => Спички
            [1] => Кружка
            [2] => Ведро
        )

)



### 13.04.2019 12:22:44
Array
(
    [catalog] => Array
        (
            [0] => Спички
            [1] => Кружка
            [2] => Ведро
        )

)



### 13.04.2019 12:25:03
Array
(
    [catalog] => Array
        (
            [0] => Спички
            [1] => Кружка
            [2] => Ведро
        )

)



### 13.04.2019 12:25:42
Array
(
    [catalog] => Array
        (
            [0] => Спички
            [1] => Кружка
            [2] => Ведро
        )

)



### 13.04.2019 12:25:45
Array
(
    [catalog] => Array
        (
            [0] => Спички
            [1] => Кружка
            [2] => Ведро
        )

)



### 13.04.2019 12:26:19
Array
(
    [catalog] => Array
        (
            [0] => Спички
            [1] => Кружка
            [2] => Ведро
        )

)



### 13.04.2019 12:26:20
Array
(
    [catalog] => Array
        (
            [0] => Спички
            [1] => Кружка
            [2] => Ведро
        )

)



### 13.04.2019 12:26:21
Array
(
    [catalog] => Array
        (
            [0] => Спички
            [1] => Кружка
            [2] => Ведро
        )

)



### 13.04.2019 12:27:28
Array
(
    [username] => Вася
)



### 13.04.2019 12:28:59
Array
(
    [username] => Вася
)



### 13.04.2019 12:30:26
Array
(
    [username] => Вася
)



### 13.04.2019 12:32:00
Array
(
    [username] => Вася
)



### 13.04.2019 12:37:34
Array
(
    [username] => Вася
)



### 13.04.2019 12:41:44
Array
(
    [username] => Вася
)



### 13.04.2019 12:45:20
Array
(
    [username] => Вася
)



### 13.04.2019 12:45:58
Array
(
    [username] => Вася
)



### 13.04.2019 12:48:30
Array
(
    [username] => Вася
)



### 13.04.2019 12:50:29
Array
(
    [username] => Вася
)



### 13.04.2019 12:51:31
Array
(
    [username] => Вася
)



### 13.04.2019 12:54:38
Array
(
    [username] => Вася
)



### 13.04.2019 12:55:34
Array
(
    [username] => Вася
)



### 13.04.2019 12:55:38
Array
(
    [username] => Вася
)



### 13.04.2019 12:55:41
Array
(
    [username] => Вася
)



### 13.04.2019 12:55:57
Array
(
    [username] => Вася
)



### 13.04.2019 12:57:17
Array
(
    [username] => Вася
)



### 13.04.2019 12:57:31
Array
(
    [catalog] => Array
        (
            [0] => Спички
            [1] => Кружка
            [2] => Ведро
        )

)



### 13.04.2019 12:57:57
Array
(
    [username] => Вася
)



### 13.04.2019 12:57:59
Array
(
    [username] => Вася
)



### 13.04.2019 13:02:17
Array
(
    [username] => Вася
)



### 13.04.2019 13:02:19
Array
(
    [catalog] => Array
        (
            [0] => Спички
            [1] => Кружка
            [2] => Ведро
        )

)



### 13.04.2019 13:02:38
Array
(
    [catalog] => Array
        (
            [0] => Спички
            [1] => Кружка
            [2] => Ведро
        )

)



### 13.04.2019 13:03:01
Array
(
    [catalog] => Array
        (
            [0] => Спички
            [1] => Кружка
            [2] => Ведро
        )

)



### 13.04.2019 13:05:34
Array
(
    [catalog] => Array
        (
            [0] => Спички
            [1] => Кружка
            [2] => Ведро
        )

)



### 13.04.2019 13:07:03
Array
(
    [catalog] => Array
        (
            [0] => Спички
            [1] => Кружка
            [2] => Ведро
        )

)



### 13.04.2019 13:07:54
Array
(
    [catalog] => Array
        (
            [0] => Спички
            [1] => Кружка
            [2] => Ведро
        )

)



### 13.04.2019 13:07:56
Array
(
    [catalog] => Array
        (
            [0] => Спички
            [1] => Кружка
            [2] => Ведро
        )

)



### 13.04.2019 13:08:46
Array
(
    [catalog] => Array
        (
            [0] => Спички
            [1] => Кружка
            [2] => Ведро
        )

)



### 13.04.2019 13:09:16
Array
(
    [catalog] => Array
        (
            [0] => Спички
            [1] => Кружка
            [2] => Ведро
        )

)



### 13.04.2019 13:09:26
Array
(
    [catalog] => Array
        (
            [0] => Спички
            [1] => Кружка
            [2] => Ведро
        )

)



### 13.04.2019 13:10:31
Array
(
    [catalog] => Array
        (
            [0] => Спички
            [1] => Кружка
            [2] => Ведро
        )

)



### 13.04.2019 13:10:58
Array
(
    [catalog] => Array
        (
            [0] => Спички
            [1] => Кружка
            [2] => Ведро
        )

)



### 13.04.2019 13:11:31
Array
(
    [catalog] => Array
        (
            [0] => Спички
            [1] => Кружка
            [2] => Ведро
        )

)



### 13.04.2019 13:12:11
Array
(
    [catalog] => Array
        (
            [0] => Спички
            [1] => Кружка
            [2] => Ведро
        )

)



### 13.04.2019 13:12:13
Array
(
    [catalog] => Array
        (
            [0] => Спички
            [1] => Кружка
            [2] => Ведро
        )

)



### 13.04.2019 13:12:18
Array
(
    [username] => Вася
)



### 13.04.2019 13:15:31
Array
(
    [username] => Вася
)



### 13.04.2019 13:16:47
Array
(
    [username] => Вася
)



### 13.04.2019 13:17:49
Array
(
    [username] => Вася
)



### 13.04.2019 13:17:56
Array
(
    [username] => Вася
)



### 13.04.2019 13:18:45
Array
(
    [username] => Вася
)



### 13.04.2019 13:19:18
Array
(
    [username] => Вася
)



### 13.04.2019 13:19:31
Array
(
    [username] => Вася
)



### 13.04.2019 13:22:43
Array
(
    [username] => Вася
)



### 13.04.2019 13:27:04
Array
(
    [username] => Вася
)



### 13.04.2019 13:27:23
Array
(
    [username] => Вася
)



### 13.04.2019 13:27:56
Array
(
    [username] => Вася
)



### 13.04.2019 13:28:30
Array
(
    [username] => Вася
)



### 13.04.2019 13:30:55
Array
(
    [username] => Вася
)



### 13.04.2019 13:31:23
Array
(
    [username] => Вася
)



### 13.04.2019 13:31:30
Array
(
    [username] => Вася
)



### 13.04.2019 13:32:02
Array
(
    [username] => Вася
)



### 13.04.2019 13:32:03
Array
(
    [username] => Вася
)



### 13.04.2019 13:32:05
Array
(
    [username] => Вася
)



### 13.04.2019 13:32:06
Array
(
    [username] => Вася
)



### 13.04.2019 13:32:24
Array
(
    [username] => Вася
)



### 13.04.2019 13:34:33
Array
(
    [username] => Вася
)



### 13.04.2019 13:35:08
Array
(
    [username] => Вася
)



### 13.04.2019 13:35:45
Array
(
    [username] => Вася
)



### 13.04.2019 13:36:07
Array
(
    [username] => Вася
)



### 13.04.2019 13:37:51
Array
(
    [username] => Вася
)



### 13.04.2019 13:38:52
Array
(
    [username] => Вася
)



### 13.04.2019 13:39:05
Array
(
    [username] => Вася
)



### 13.04.2019 13:39:41
Array
(
    [username] => Вася
)



### 13.04.2019 13:40:06
Array
(
    [username] => Вася
)



### 13.04.2019 13:41:42
Array
(
    [username] => Вася
)



### 13.04.2019 13:41:54
Array
(
    [catalog] => Array
        (
            [0] => Спички
            [1] => Кружка
            [2] => Ведро
        )

)



### 13.04.2019 13:43:05
Array
(
    [catalog] => Array
        (
            [0] => Спички
            [1] => Кружка
            [2] => Ведро
        )

)



### 13.04.2019 13:43:15
Array
(
    [username] => Вася
)



### 13.04.2019 13:43:18
Array
(
    [catalog] => Array
        (
            [0] => Спички
            [1] => Кружка
            [2] => Ведро
        )

)



### 13.04.2019 13:43:57
Array
(
    [catalog] => Array
        (
            [0] => Спички
            [1] => Кружка
            [2] => Ведро
        )

)



### 13.04.2019 13:59:26
Array
(
    [link] => Array
        (
        )

)



### 13.04.2019 14:00:18
Array
(
    [link] => Array
        (
        )

)



### 13.04.2019 14:01:34
Array
(
    [link] => Array
        (
        )

)



### 13.04.2019 14:01:41
Array
(
    [link] => Array
        (
        )

)



### 13.04.2019 14:02:02
Array
(
    [link] => Array
        (
        )

)



### 13.04.2019 14:02:30
Array
(
    [link] => Array
        (
        )

)



### 13.04.2019 14:02:31
Array
(
    [link] => Array
        (
        )

)



### 13.04.2019 14:02:41
Array
(
    [link] => Array
        (
        )

)



### 13.04.2019 14:04:11
Array
(
    [link] => Array
        (
        )

)



### 13.04.2019 14:04:26
Array
(
    [link] => Array
        (
        )

)



### 13.04.2019 14:32:59
Array
(
    [link] => Array
        (
        )

)



### 13.04.2019 14:56:37
Array
(
    [link] => Array
        (
        )

)



### 13.04.2019 14:57:02
Array
(
    [link] => Array
        (
        )

)



### 13.04.2019 14:57:42
Array
(
    [link] => Array
        (
        )

)



### 13.04.2019 15:05:30
Array
(
    [link] => Array
        (
            [0] => http://localhost/public/img/small/.
            [1] => http://localhost/public/img/small/..
            [2] => http://localhost/public/img/small/01.jpg
            [3] => http://localhost/public/img/small/02.jpg
            [4] => http://localhost/public/img/small/03.jpg
            [5] => http://localhost/public/img/small/04.jpg
            [6] => http://localhost/public/img/small/05.jpg
            [7] => http://localhost/public/img/small/06.jpg
            [8] => http://localhost/public/img/small/07.jpg
            [9] => http://localhost/public/img/small/08.jpg
            [10] => http://localhost/public/img/small/09.jpg
            [11] => http://localhost/public/img/small/10.jpg
            [12] => http://localhost/public/img/small/11.jpg
            [13] => http://localhost/public/img/small/12.jpg
            [14] => http://localhost/public/img/small/13.jpg
            [15] => http://localhost/public/img/small/14.jpg
            [16] => http://localhost/public/img/small/15.jpg
        )

)



### 13.04.2019 15:07:46
Array
(
    [links] => Array
        (
            [0] => http://localhost/public/img/small/.
            [1] => http://localhost/public/img/small/..
            [2] => http://localhost/public/img/small/01.jpg
            [3] => http://localhost/public/img/small/02.jpg
            [4] => http://localhost/public/img/small/03.jpg
            [5] => http://localhost/public/img/small/04.jpg
            [6] => http://localhost/public/img/small/05.jpg
            [7] => http://localhost/public/img/small/06.jpg
            [8] => http://localhost/public/img/small/07.jpg
            [9] => http://localhost/public/img/small/08.jpg
            [10] => http://localhost/public/img/small/09.jpg
            [11] => http://localhost/public/img/small/10.jpg
            [12] => http://localhost/public/img/small/11.jpg
            [13] => http://localhost/public/img/small/12.jpg
            [14] => http://localhost/public/img/small/13.jpg
            [15] => http://localhost/public/img/small/14.jpg
            [16] => http://localhost/public/img/small/15.jpg
        )

)



### 13.04.2019 15:11:06
Array
(
    [links] => Array
        (
            [0] => http://localhost/public/img/small/01.jpg
            [1] => http://localhost/public/img/small/02.jpg
            [2] => http://localhost/public/img/small/03.jpg
            [3] => http://localhost/public/img/small/04.jpg
            [4] => http://localhost/public/img/small/05.jpg
            [5] => http://localhost/public/img/small/06.jpg
            [6] => http://localhost/public/img/small/07.jpg
            [7] => http://localhost/public/img/small/08.jpg
            [8] => http://localhost/public/img/small/09.jpg
            [9] => http://localhost/public/img/small/10.jpg
            [10] => http://localhost/public/img/small/11.jpg
            [11] => http://localhost/public/img/small/12.jpg
            [12] => http://localhost/public/img/small/13.jpg
            [13] => http://localhost/public/img/small/14.jpg
            [14] => http://localhost/public/img/small/15.jpg
        )

)



### 13.04.2019 15:11:55
Array
(
    [links] => Array
        (
            [0] => http://localhost/public/img/small/01.jpg
            [1] => http://localhost/public/img/small/02.jpg
            [2] => http://localhost/public/img/small/03.jpg
            [3] => http://localhost/public/img/small/04.jpg
            [4] => http://localhost/public/img/small/05.jpg
            [5] => http://localhost/public/img/small/06.jpg
            [6] => http://localhost/public/img/small/07.jpg
            [7] => http://localhost/public/img/small/08.jpg
            [8] => http://localhost/public/img/small/09.jpg
            [9] => http://localhost/public/img/small/10.jpg
            [10] => http://localhost/public/img/small/11.jpg
            [11] => http://localhost/public/img/small/12.jpg
            [12] => http://localhost/public/img/small/13.jpg
            [13] => http://localhost/public/img/small/14.jpg
            [14] => http://localhost/public/img/small/15.jpg
        )

)



### 13.04.2019 15:12:27
Array
(
    [links] => Array
        (
            [0] => http://localhost/public/img/small/01.jpg
            [1] => http://localhost/public/img/small/02.jpg
            [2] => http://localhost/public/img/small/03.jpg
            [3] => http://localhost/public/img/small/04.jpg
            [4] => http://localhost/public/img/small/05.jpg
            [5] => http://localhost/public/img/small/06.jpg
            [6] => http://localhost/public/img/small/07.jpg
            [7] => http://localhost/public/img/small/08.jpg
            [8] => http://localhost/public/img/small/09.jpg
            [9] => http://localhost/public/img/small/10.jpg
            [10] => http://localhost/public/img/small/11.jpg
            [11] => http://localhost/public/img/small/12.jpg
            [12] => http://localhost/public/img/small/13.jpg
            [13] => http://localhost/public/img/small/14.jpg
            [14] => http://localhost/public/img/small/15.jpg
        )

)



### 13.04.2019 15:13:52
Array
(
    [links] => Array
        (
            [0] => http://localhost/public/img/small/01.jpg
            [1] => http://localhost/public/img/small/02.jpg
            [2] => http://localhost/public/img/small/03.jpg
            [3] => http://localhost/public/img/small/04.jpg
            [4] => http://localhost/public/img/small/05.jpg
            [5] => http://localhost/public/img/small/06.jpg
            [6] => http://localhost/public/img/small/07.jpg
            [7] => http://localhost/public/img/small/08.jpg
            [8] => http://localhost/public/img/small/09.jpg
            [9] => http://localhost/public/img/small/10.jpg
            [10] => http://localhost/public/img/small/11.jpg
            [11] => http://localhost/public/img/small/12.jpg
            [12] => http://localhost/public/img/small/13.jpg
            [13] => http://localhost/public/img/small/14.jpg
            [14] => http://localhost/public/img/small/15.jpg
        )

)



### 13.04.2019 15:15:10
Array
(
    [username] => Вася
)



### 13.04.2019 15:15:58
Array
(
    [username] => Вася
)



### 13.04.2019 15:15:59
Array
(
    [links] => Array
        (
            [0] => /img/small/01.jpg
            [1] => /img/small/02.jpg
            [2] => /img/small/03.jpg
            [3] => /img/small/04.jpg
            [4] => /img/small/05.jpg
            [5] => /img/small/06.jpg
            [6] => /img/small/07.jpg
            [7] => /img/small/08.jpg
            [8] => /img/small/09.jpg
            [9] => /img/small/10.jpg
            [10] => /img/small/11.jpg
            [11] => /img/small/12.jpg
            [12] => /img/small/13.jpg
            [13] => /img/small/14.jpg
            [14] => /img/small/15.jpg
        )

)



### 13.04.2019 15:17:26
Array
(
    [links] => Array
        (
            [0] => /img/small/
            [1] => /img/small/
            [2] => /img/small/
            [3] => /img/small/
            [4] => /img/small/
            [5] => /img/small/
            [6] => /img/small/
            [7] => /img/small/
            [8] => /img/small/
            [9] => /img/small/
            [10] => /img/small/
            [11] => /img/small/
            [12] => /img/small/
            [13] => /img/small/
            [14] => /img/small/
            [15] => /img/small/
            [16] => /img/small/
        )

)



### 13.04.2019 15:17:33
Array
(
    [links] => Array
        (
            [0] => ./img/small/
            [1] => ./img/small/
            [2] => ./img/small/
            [3] => ./img/small/
            [4] => ./img/small/
            [5] => ./img/small/
            [6] => ./img/small/
            [7] => ./img/small/
            [8] => ./img/small/
            [9] => ./img/small/
            [10] => ./img/small/
            [11] => ./img/small/
            [12] => ./img/small/
            [13] => ./img/small/
            [14] => ./img/small/
            [15] => ./img/small/
            [16] => ./img/small/
        )

)



### 13.04.2019 15:17:46
Array
(
    [links] => Array
        (
            [0] => /img/small/.
            [1] => /img/small/..
            [2] => /img/small/01.jpg
            [3] => /img/small/02.jpg
            [4] => /img/small/03.jpg
            [5] => /img/small/04.jpg
            [6] => /img/small/05.jpg
            [7] => /img/small/06.jpg
            [8] => /img/small/07.jpg
            [9] => /img/small/08.jpg
            [10] => /img/small/09.jpg
            [11] => /img/small/10.jpg
            [12] => /img/small/11.jpg
            [13] => /img/small/12.jpg
            [14] => /img/small/13.jpg
            [15] => /img/small/14.jpg
            [16] => /img/small/15.jpg
        )

)



### 13.04.2019 15:18:43
Array
(
    [links] => Array
        (
            [0] => /img/small/01.jpg
            [1] => /img/small/02.jpg
            [2] => /img/small/03.jpg
            [3] => /img/small/04.jpg
            [4] => /img/small/05.jpg
            [5] => /img/small/06.jpg
            [6] => /img/small/07.jpg
            [7] => /img/small/08.jpg
            [8] => /img/small/09.jpg
            [9] => /img/small/10.jpg
            [10] => /img/small/11.jpg
            [11] => /img/small/12.jpg
            [12] => /img/small/13.jpg
            [13] => /img/small/14.jpg
            [14] => /img/small/15.jpg
        )

)



### 13.04.2019 15:19:08
Array
(
    [links] => Array
        (
            [0] => /img/small/01.jpg
            [1] => /img/small/02.jpg
            [2] => /img/small/03.jpg
            [3] => /img/small/04.jpg
            [4] => /img/small/05.jpg
            [5] => /img/small/06.jpg
            [6] => /img/small/07.jpg
            [7] => /img/small/08.jpg
            [8] => /img/small/09.jpg
            [9] => /img/small/10.jpg
            [10] => /img/small/11.jpg
            [11] => /img/small/12.jpg
            [12] => /img/small/13.jpg
            [13] => /img/small/14.jpg
            [14] => /img/small/15.jpg
        )

)



### 13.04.2019 15:19:10
Array
(
    [username] => Вася
)



### 13.04.2019 15:19:12
Array
(
    [links] => Array
        (
            [0] => /img/small/01.jpg
            [1] => /img/small/02.jpg
            [2] => /img/small/03.jpg
            [3] => /img/small/04.jpg
            [4] => /img/small/05.jpg
            [5] => /img/small/06.jpg
            [6] => /img/small/07.jpg
            [7] => /img/small/08.jpg
            [8] => /img/small/09.jpg
            [9] => /img/small/10.jpg
            [10] => /img/small/11.jpg
            [11] => /img/small/12.jpg
            [12] => /img/small/13.jpg
            [13] => /img/small/14.jpg
            [14] => /img/small/15.jpg
        )

)



### 13.04.2019 15:52:52
Array
(
    [links] => Array
        (
            [0] => /img/small/01.jpg
            [1] => /img/small/02.jpg
            [2] => /img/small/03.jpg
            [3] => /img/small/04.jpg
            [4] => /img/small/05.jpg
            [5] => /img/small/06.jpg
            [6] => /img/small/07.jpg
            [7] => /img/small/08.jpg
            [8] => /img/small/09.jpg
            [9] => /img/small/10.jpg
            [10] => /img/small/11.jpg
            [11] => /img/small/12.jpg
            [12] => /img/small/13.jpg
            [13] => /img/small/14.jpg
            [14] => /img/small/15.jpg
        )

)



### 13.04.2019 15:55:15
Array
(
    [links] => Array
        (
            [0] => /img/small/01.jpg
            [1] => /img/small/02.jpg
            [2] => /img/small/03.jpg
            [3] => /img/small/04.jpg
            [4] => /img/small/05.jpg
            [5] => /img/small/06.jpg
            [6] => /img/small/07.jpg
            [7] => /img/small/08.jpg
            [8] => /img/small/09.jpg
            [9] => /img/small/10.jpg
            [10] => /img/small/11.jpg
            [11] => /img/small/12.jpg
            [12] => /img/small/13.jpg
            [13] => /img/small/14.jpg
            [14] => /img/small/15.jpg
        )

)



### 13.04.2019 15:58:35
Array
(
    [links] => Array
        (
            [0] => /img/small/01.jpg
            [1] => /img/small/02.jpg
            [2] => /img/small/03.jpg
            [3] => /img/small/04.jpg
            [4] => /img/small/05.jpg
            [5] => /img/small/06.jpg
            [6] => /img/small/07.jpg
            [7] => /img/small/08.jpg
            [8] => /img/small/09.jpg
            [9] => /img/small/10.jpg
            [10] => /img/small/11.jpg
            [11] => /img/small/12.jpg
            [12] => /img/small/13.jpg
            [13] => /img/small/14.jpg
            [14] => /img/small/15.jpg
        )

)



### 13.04.2019 16:03:26
Array
(
    [links] => Array
        (
            [0] => /img/small/01.jpg
            [1] => /img/small/02.jpg
            [2] => /img/small/03.jpg
            [3] => /img/small/04.jpg
            [4] => /img/small/05.jpg
            [5] => /img/small/06.jpg
            [6] => /img/small/07.jpg
            [7] => /img/small/08.jpg
            [8] => /img/small/09.jpg
            [9] => /img/small/10.jpg
            [10] => /img/small/11.jpg
            [11] => /img/small/12.jpg
            [12] => /img/small/13.jpg
            [13] => /img/small/14.jpg
            [14] => /img/small/15.jpg
        )

)



### 13.04.2019 16:03:28
Array
(
    [links] => Array
        (
            [0] => /img/small/01.jpg
            [1] => /img/small/02.jpg
            [2] => /img/small/03.jpg
            [3] => /img/small/04.jpg
            [4] => /img/small/05.jpg
            [5] => /img/small/06.jpg
            [6] => /img/small/07.jpg
            [7] => /img/small/08.jpg
            [8] => /img/small/09.jpg
            [9] => /img/small/10.jpg
            [10] => /img/small/11.jpg
            [11] => /img/small/12.jpg
            [12] => /img/small/13.jpg
            [13] => /img/small/14.jpg
            [14] => /img/small/15.jpg
        )

)



### 13.04.2019 16:03:40
Array
(
    [links] => Array
        (
            [0] => /img/small/01.jpg
            [1] => /img/small/02.jpg
            [2] => /img/small/03.jpg
            [3] => /img/small/04.jpg
            [4] => /img/small/05.jpg
            [5] => /img/small/06.jpg
            [6] => /img/small/07.jpg
            [7] => /img/small/08.jpg
            [8] => /img/small/09.jpg
            [9] => /img/small/10.jpg
            [10] => /img/small/11.jpg
            [11] => /img/small/12.jpg
            [12] => /img/small/13.jpg
            [13] => /img/small/14.jpg
            [14] => /img/small/15.jpg
        )

)



### 13.04.2019 16:03:42
Array
(
    [links] => Array
        (
            [0] => /img/small/01.jpg
            [1] => /img/small/02.jpg
            [2] => /img/small/03.jpg
            [3] => /img/small/04.jpg
            [4] => /img/small/05.jpg
            [5] => /img/small/06.jpg
            [6] => /img/small/07.jpg
            [7] => /img/small/08.jpg
            [8] => /img/small/09.jpg
            [9] => /img/small/10.jpg
            [10] => /img/small/11.jpg
            [11] => /img/small/12.jpg
            [12] => /img/small/13.jpg
            [13] => /img/small/14.jpg
            [14] => /img/small/15.jpg
        )

)



### 13.04.2019 16:04:45
Array
(
    [links] => Array
        (
            [0] => /img/small/01.jpg
            [1] => /img/small/02.jpg
            [2] => /img/small/03.jpg
            [3] => /img/small/04.jpg
            [4] => /img/small/05.jpg
            [5] => /img/small/06.jpg
            [6] => /img/small/07.jpg
            [7] => /img/small/08.jpg
            [8] => /img/small/09.jpg
            [9] => /img/small/10.jpg
            [10] => /img/small/11.jpg
            [11] => /img/small/12.jpg
            [12] => /img/small/13.jpg
            [13] => /img/small/14.jpg
            [14] => /img/small/15.jpg
        )

)



### 13.04.2019 16:04:47
Array
(
    [links] => Array
        (
            [0] => /img/small/01.jpg
            [1] => /img/small/02.jpg
            [2] => /img/small/03.jpg
            [3] => /img/small/04.jpg
            [4] => /img/small/05.jpg
            [5] => /img/small/06.jpg
            [6] => /img/small/07.jpg
            [7] => /img/small/08.jpg
            [8] => /img/small/09.jpg
            [9] => /img/small/10.jpg
            [10] => /img/small/11.jpg
            [11] => /img/small/12.jpg
            [12] => /img/small/13.jpg
            [13] => /img/small/14.jpg
            [14] => /img/small/15.jpg
        )

)



### 13.04.2019 16:05:32
Array
(
    [links] => Array
        (
            [0] => /img/small/01.jpg
            [1] => /img/small/02.jpg
            [2] => /img/small/03.jpg
            [3] => /img/small/04.jpg
            [4] => /img/small/05.jpg
            [5] => /img/small/06.jpg
            [6] => /img/small/07.jpg
            [7] => /img/small/08.jpg
            [8] => /img/small/09.jpg
            [9] => /img/small/10.jpg
            [10] => /img/small/11.jpg
            [11] => /img/small/12.jpg
            [12] => /img/small/13.jpg
            [13] => /img/small/14.jpg
            [14] => /img/small/15.jpg
        )

)



### 13.04.2019 16:07:05
Array
(
    [links] => Array
        (
            [0] => /img/small/01.jpg
            [1] => /img/small/02.jpg
            [2] => /img/small/03.jpg
            [3] => /img/small/04.jpg
            [4] => /img/small/05.jpg
            [5] => /img/small/06.jpg
            [6] => /img/small/07.jpg
            [7] => /img/small/08.jpg
            [8] => /img/small/09.jpg
            [9] => /img/small/10.jpg
            [10] => /img/small/11.jpg
            [11] => /img/small/12.jpg
            [12] => /img/small/13.jpg
            [13] => /img/small/14.jpg
            [14] => /img/small/15.jpg
        )

)



### 13.04.2019 16:07:55
Array
(
    [links] => Array
        (
            [0] => /img/small/01.jpg
            [1] => /img/small/02.jpg
            [2] => /img/small/03.jpg
            [3] => /img/small/04.jpg
            [4] => /img/small/05.jpg
            [5] => /img/small/06.jpg
            [6] => /img/small/07.jpg
            [7] => /img/small/08.jpg
            [8] => /img/small/09.jpg
            [9] => /img/small/10.jpg
            [10] => /img/small/11.jpg
            [11] => /img/small/12.jpg
            [12] => /img/small/13.jpg
            [13] => /img/small/14.jpg
            [14] => /img/small/15.jpg
        )

)



### 13.04.2019 16:08:13
Array
(
    [links] => Array
        (
            [0] => /img/small/01.jpg
            [1] => /img/small/02.jpg
            [2] => /img/small/03.jpg
            [3] => /img/small/04.jpg
            [4] => /img/small/05.jpg
            [5] => /img/small/06.jpg
            [6] => /img/small/07.jpg
            [7] => /img/small/08.jpg
            [8] => /img/small/09.jpg
            [9] => /img/small/10.jpg
            [10] => /img/small/11.jpg
            [11] => /img/small/12.jpg
            [12] => /img/small/13.jpg
            [13] => /img/small/14.jpg
            [14] => /img/small/15.jpg
        )

)



### 13.04.2019 16:08:35
Array
(
    [links] => Array
        (
            [0] => /img/small/01.jpg
            [1] => /img/small/02.jpg
            [2] => /img/small/03.jpg
            [3] => /img/small/04.jpg
            [4] => /img/small/05.jpg
            [5] => /img/small/06.jpg
            [6] => /img/small/07.jpg
            [7] => /img/small/08.jpg
            [8] => /img/small/09.jpg
            [9] => /img/small/10.jpg
            [10] => /img/small/11.jpg
            [11] => /img/small/12.jpg
            [12] => /img/small/13.jpg
            [13] => /img/small/14.jpg
            [14] => /img/small/15.jpg
        )

)



### 13.04.2019 16:09:06
Array
(
    [links] => Array
        (
            [0] => /img/small/01.jpg
            [1] => /img/small/02.jpg
            [2] => /img/small/03.jpg
            [3] => /img/small/04.jpg
            [4] => /img/small/05.jpg
            [5] => /img/small/06.jpg
            [6] => /img/small/07.jpg
            [7] => /img/small/08.jpg
            [8] => /img/small/09.jpg
            [9] => /img/small/10.jpg
            [10] => /img/small/11.jpg
            [11] => /img/small/12.jpg
            [12] => /img/small/13.jpg
            [13] => /img/small/14.jpg
            [14] => /img/small/15.jpg
        )

)



### 13.04.2019 16:10:13
Array
(
    [links] => Array
        (
            [0] => /img/small/01.jpg
            [1] => /img/small/02.jpg
            [2] => /img/small/03.jpg
            [3] => /img/small/04.jpg
            [4] => /img/small/05.jpg
            [5] => /img/small/06.jpg
            [6] => /img/small/07.jpg
            [7] => /img/small/08.jpg
            [8] => /img/small/09.jpg
            [9] => /img/small/10.jpg
            [10] => /img/small/11.jpg
            [11] => /img/small/12.jpg
            [12] => /img/small/13.jpg
            [13] => /img/small/14.jpg
            [14] => /img/small/15.jpg
        )

)



### 13.04.2019 16:12:10
Array
(
    [links] => Array
        (
            [0] => /img/small/01.jpg
            [1] => /img/small/02.jpg
            [2] => /img/small/03.jpg
            [3] => /img/small/04.jpg
            [4] => /img/small/05.jpg
            [5] => /img/small/06.jpg
            [6] => /img/small/07.jpg
            [7] => /img/small/08.jpg
            [8] => /img/small/09.jpg
            [9] => /img/small/10.jpg
            [10] => /img/small/11.jpg
            [11] => /img/small/12.jpg
            [12] => /img/small/13.jpg
            [13] => /img/small/14.jpg
            [14] => /img/small/15.jpg
        )

)



### 13.04.2019 16:12:33
Array
(
    [links] => Array
        (
            [0] => /img/small/01.jpg
            [1] => /img/small/02.jpg
            [2] => /img/small/03.jpg
            [3] => /img/small/04.jpg
            [4] => /img/small/05.jpg
            [5] => /img/small/06.jpg
            [6] => /img/small/07.jpg
            [7] => /img/small/08.jpg
            [8] => /img/small/09.jpg
            [9] => /img/small/10.jpg
            [10] => /img/small/11.jpg
            [11] => /img/small/12.jpg
            [12] => /img/small/13.jpg
            [13] => /img/small/14.jpg
            [14] => /img/small/15.jpg
        )

)



### 13.04.2019 16:13:24
Array
(
    [links] => Array
        (
            [0] => /img/small/01.jpg
            [1] => /img/small/02.jpg
            [2] => /img/small/03.jpg
            [3] => /img/small/04.jpg
            [4] => /img/small/05.jpg
            [5] => /img/small/06.jpg
            [6] => /img/small/07.jpg
            [7] => /img/small/08.jpg
            [8] => /img/small/09.jpg
            [9] => /img/small/10.jpg
            [10] => /img/small/11.jpg
            [11] => /img/small/12.jpg
            [12] => /img/small/13.jpg
            [13] => /img/small/14.jpg
            [14] => /img/small/15.jpg
        )

)



### 13.04.2019 16:13:53
Array
(
    [links] => Array
        (
            [0] => /img/small/01.jpg
            [1] => /img/small/02.jpg
            [2] => /img/small/03.jpg
            [3] => /img/small/04.jpg
            [4] => /img/small/05.jpg
            [5] => /img/small/06.jpg
            [6] => /img/small/07.jpg
            [7] => /img/small/08.jpg
            [8] => /img/small/09.jpg
            [9] => /img/small/10.jpg
            [10] => /img/small/11.jpg
            [11] => /img/small/12.jpg
            [12] => /img/small/13.jpg
            [13] => /img/small/14.jpg
            [14] => /img/small/15.jpg
        )

)



### 13.04.2019 16:14:20
Array
(
    [links] => Array
        (
            [0] => /img/small/01.jpg
            [1] => /img/small/02.jpg
            [2] => /img/small/03.jpg
            [3] => /img/small/04.jpg
            [4] => /img/small/05.jpg
            [5] => /img/small/06.jpg
            [6] => /img/small/07.jpg
            [7] => /img/small/08.jpg
            [8] => /img/small/09.jpg
            [9] => /img/small/10.jpg
            [10] => /img/small/11.jpg
            [11] => /img/small/12.jpg
            [12] => /img/small/13.jpg
            [13] => /img/small/14.jpg
            [14] => /img/small/15.jpg
        )

)



### 13.04.2019 16:14:22
Array
(
    [links] => Array
        (
            [0] => /img/small/01.jpg
            [1] => /img/small/02.jpg
            [2] => /img/small/03.jpg
            [3] => /img/small/04.jpg
            [4] => /img/small/05.jpg
            [5] => /img/small/06.jpg
            [6] => /img/small/07.jpg
            [7] => /img/small/08.jpg
            [8] => /img/small/09.jpg
            [9] => /img/small/10.jpg
            [10] => /img/small/11.jpg
            [11] => /img/small/12.jpg
            [12] => /img/small/13.jpg
            [13] => /img/small/14.jpg
            [14] => /img/small/15.jpg
        )

)



### 13.04.2019 16:14:36
Array
(
    [links] => Array
        (
            [0] => /img/small/01.jpg
            [1] => /img/small/02.jpg
            [2] => /img/small/03.jpg
            [3] => /img/small/04.jpg
            [4] => /img/small/05.jpg
            [5] => /img/small/06.jpg
            [6] => /img/small/07.jpg
            [7] => /img/small/08.jpg
            [8] => /img/small/09.jpg
            [9] => /img/small/10.jpg
            [10] => /img/small/11.jpg
            [11] => /img/small/12.jpg
            [12] => /img/small/13.jpg
            [13] => /img/small/14.jpg
            [14] => /img/small/15.jpg
        )

)



### 13.04.2019 16:15:00
Array
(
    [links] => Array
        (
            [0] => /img/small/01.jpg
            [1] => /img/small/02.jpg
            [2] => /img/small/03.jpg
            [3] => /img/small/04.jpg
            [4] => /img/small/05.jpg
            [5] => /img/small/06.jpg
            [6] => /img/small/07.jpg
            [7] => /img/small/08.jpg
            [8] => /img/small/09.jpg
            [9] => /img/small/10.jpg
            [10] => /img/small/11.jpg
            [11] => /img/small/12.jpg
            [12] => /img/small/13.jpg
            [13] => /img/small/14.jpg
            [14] => /img/small/15.jpg
        )

)



### 13.04.2019 16:16:11
Array
(
    [links] => Array
        (
            [0] => /img/small/01.jpg
            [1] => /img/small/02.jpg
            [2] => /img/small/03.jpg
            [3] => /img/small/04.jpg
            [4] => /img/small/05.jpg
            [5] => /img/small/06.jpg
            [6] => /img/small/07.jpg
            [7] => /img/small/08.jpg
            [8] => /img/small/09.jpg
            [9] => /img/small/10.jpg
            [10] => /img/small/11.jpg
            [11] => /img/small/12.jpg
            [12] => /img/small/13.jpg
            [13] => /img/small/14.jpg
            [14] => /img/small/15.jpg
        )

)



### 13.04.2019 16:56:01
Array
(
    [links] => Array
        (
        )

)



### 13.04.2019 16:56:25
Array
(
    [links] => Array
        (
            [0] => 01.jpg
            [1] => 02.jpg
            [2] => 03.jpg
            [3] => 04.jpg
            [4] => 05.jpg
            [5] => 06.jpg
            [6] => 07.jpg
            [7] => 08.jpg
            [8] => 09.jpg
            [9] => 10.jpg
            [10] => 11.jpg
            [11] => 12.jpg
            [12] => 13.jpg
            [13] => 14.jpg
            [14] => 15.jpg
        )

)



### 13.04.2019 16:57:18
Array
(
    [username] => Вася
)



### 13.04.2019 16:57:25
Array
(
    [links] => Array
        (
            [0] => 01.jpg
            [1] => 02.jpg
            [2] => 03.jpg
            [3] => 04.jpg
            [4] => 05.jpg
            [5] => 06.jpg
            [6] => 07.jpg
            [7] => 08.jpg
            [8] => 09.jpg
            [9] => 10.jpg
            [10] => 11.jpg
            [11] => 12.jpg
            [12] => 13.jpg
            [13] => 14.jpg
            [14] => 15.jpg
        )

)



### 13.04.2019 17:10:08
Array
(
    [links] => Array
        (
            [0] => 01.jpg
            [1] => 02.jpg
            [2] => 03.jpg
            [3] => 04.jpg
            [4] => 05.jpg
            [5] => 06.jpg
            [6] => 07.jpg
            [7] => 08.jpg
            [8] => 09.jpg
            [9] => 10.jpg
            [10] => 11.jpg
            [11] => 12.jpg
            [12] => 13.jpg
            [13] => 14.jpg
            [14] => 15.jpg
        )

)



### 13.04.2019 17:10:19
Array
(
    [links] => Array
        (
            [0] => 01.jpg
            [1] => 02.jpg
            [2] => 03.jpg
            [3] => 04.jpg
            [4] => 05.jpg
            [5] => 06.jpg
            [6] => 07.jpg
            [7] => 08.jpg
            [8] => 09.jpg
            [9] => 10.jpg
            [10] => 11.jpg
            [11] => 12.jpg
            [12] => 13.jpg
            [13] => 14.jpg
            [14] => 15.jpg
        )

)



### 13.04.2019 17:11:25
Array
(
    [links] => Array
        (
            [0] => 01.jpg
            [1] => 02.jpg
            [2] => 03.jpg
            [3] => 04.jpg
            [4] => 05.jpg
            [5] => 06.jpg
            [6] => 07.jpg
            [7] => 08.jpg
            [8] => 09.jpg
            [9] => 10.jpg
            [10] => 11.jpg
            [11] => 12.jpg
            [12] => 13.jpg
            [13] => 14.jpg
            [14] => 15.jpg
        )

)



### 13.04.2019 17:11:28
Array
(
    [links] => Array
        (
            [0] => 01.jpg
            [1] => 02.jpg
            [2] => 03.jpg
            [3] => 04.jpg
            [4] => 05.jpg
            [5] => 06.jpg
            [6] => 07.jpg
            [7] => 08.jpg
            [8] => 09.jpg
            [9] => 10.jpg
            [10] => 11.jpg
            [11] => 12.jpg
            [12] => 13.jpg
            [13] => 14.jpg
            [14] => 15.jpg
        )

)



### 13.04.2019 17:12:47
Array
(
    [links] => Array
        (
            [0] => 01.jpg
            [1] => 02.jpg
            [2] => 03.jpg
            [3] => 04.jpg
            [4] => 05.jpg
            [5] => 06.jpg
            [6] => 07.jpg
            [7] => 08.jpg
            [8] => 09.jpg
            [9] => 10.jpg
            [10] => 11.jpg
            [11] => 12.jpg
            [12] => 13.jpg
            [13] => 14.jpg
            [14] => 15.jpg
        )

)



### 13.04.2019 17:13:22
Array
(
    [links] => Array
        (
            [0] => 01.jpg
            [1] => 02.jpg
            [2] => 03.jpg
            [3] => 04.jpg
            [4] => 05.jpg
            [5] => 06.jpg
            [6] => 07.jpg
            [7] => 08.jpg
            [8] => 09.jpg
            [9] => 10.jpg
            [10] => 11.jpg
            [11] => 12.jpg
            [12] => 13.jpg
            [13] => 14.jpg
            [14] => 15.jpg
        )

)



### 13.04.2019 17:14:47
Array
(
    [links] => Array
        (
            [0] => 01.jpg
            [1] => 02.jpg
            [2] => 03.jpg
            [3] => 04.jpg
            [4] => 05.jpg
            [5] => 06.jpg
            [6] => 07.jpg
            [7] => 08.jpg
            [8] => 09.jpg
            [9] => 10.jpg
            [10] => 11.jpg
            [11] => 12.jpg
            [12] => 13.jpg
            [13] => 14.jpg
            [14] => 15.jpg
        )

)



### 13.04.2019 17:15:58
Array
(
    [links] => Array
        (
            [0] => 01.jpg
            [1] => 02.jpg
            [2] => 03.jpg
            [3] => 04.jpg
            [4] => 05.jpg
            [5] => 06.jpg
            [6] => 07.jpg
            [7] => 08.jpg
            [8] => 09.jpg
            [9] => 10.jpg
            [10] => 11.jpg
            [11] => 12.jpg
            [12] => 13.jpg
            [13] => 14.jpg
            [14] => 15.jpg
        )

)



### 13.04.2019 17:18:16
Array
(
    [links] => Array
        (
            [0] => 01.jpg
            [1] => 02.jpg
            [2] => 03.jpg
            [3] => 04.jpg
            [4] => 05.jpg
            [5] => 06.jpg
            [6] => 07.jpg
            [7] => 08.jpg
            [8] => 09.jpg
            [9] => 10.jpg
            [10] => 11.jpg
            [11] => 12.jpg
            [12] => 13.jpg
            [13] => 14.jpg
            [14] => 15.jpg
        )

)



### 13.04.2019 20:21:46
Array
(
    [links] => Array
        (
            [0] => 01.jpg
            [1] => 02.jpg
            [2] => 03.jpg
            [3] => 04.jpg
            [4] => 05.jpg
            [5] => 06.jpg
            [6] => 07.jpg
            [7] => 08.jpg
            [8] => 09.jpg
            [9] => 10.jpg
            [10] => 11.jpg
            [11] => 12.jpg
            [12] => 13.jpg
            [13] => 14.jpg
            [14] => 15.jpg
        )

    [error] => Downloading files with such extension is not allowed!
)



### 13.04.2019 20:22:03
Array
(
    [links] => Array
        (
            [0] => 01.jpg
            [1] => 02.jpg
            [2] => 03.jpg
            [3] => 04.jpg
            [4] => 05.jpg
            [5] => 06.jpg
            [6] => 07.jpg
            [7] => 08.jpg
            [8] => 09.jpg
            [9] => 10.jpg
            [10] => 11.jpg
            [11] => 12.jpg
            [12] => 13.jpg
            [13] => 14.jpg
            [14] => 15.jpg
        )

    [error] => Downloading files with such extension is not allowed!
)



### 13.04.2019 20:26:30
Array
(
    [links] => Array
        (
            [0] => 01.jpg
            [1] => 02.jpg
            [2] => 03.jpg
            [3] => 04.jpg
            [4] => 05.jpg
            [5] => 06.jpg
            [6] => 07.jpg
            [7] => 08.jpg
            [8] => 09.jpg
            [9] => 10.jpg
            [10] => 11.jpg
            [11] => 12.jpg
            [12] => 13.jpg
            [13] => 14.jpg
            [14] => 15.jpg
        )

    [error] => Downloading files with such extension is not allowed!
)



### 13.04.2019 20:27:35
Array
(
    [links] => Array
        (
            [0] => 01.jpg
            [1] => 02.jpg
            [2] => 03.jpg
            [3] => 04.jpg
            [4] => 05.jpg
            [5] => 06.jpg
            [6] => 07.jpg
            [7] => 08.jpg
            [8] => 09.jpg
            [9] => 10.jpg
            [10] => 11.jpg
            [11] => 12.jpg
            [12] => 13.jpg
            [13] => 14.jpg
            [14] => 15.jpg
        )

    [error] => Downloading files with such extension is not allowed!
)



### 13.04.2019 20:27:41
Array
(
    [links] => Array
        (
            [0] => 01.jpg
            [1] => 02.jpg
            [2] => 03.jpg
            [3] => 04.jpg
            [4] => 05.jpg
            [5] => 06.jpg
            [6] => 07.jpg
            [7] => 08.jpg
            [8] => 09.jpg
            [9] => 10.jpg
            [10] => 11.jpg
            [11] => 12.jpg
            [12] => 13.jpg
            [13] => 14.jpg
            [14] => 15.jpg
        )

    [error] => Downloading files with such extension is not allowed!
)



### 13.04.2019 20:32:09
Array
(
    [links] => Array
        (
            [0] => 01.jpg
            [1] => 02.jpg
            [2] => 03.jpg
            [3] => 04.jpg
            [4] => 05.jpg
            [5] => 06.jpg
            [6] => 07.jpg
            [7] => 08.jpg
            [8] => 09.jpg
            [9] => 10.jpg
            [10] => 11.jpg
            [11] => 12.jpg
            [12] => 13.jpg
            [13] => 14.jpg
            [14] => 15.jpg
        )

    [error] => Downloading files with such extension is not allowed!
)



### 13.04.2019 20:32:22
Array
(
    [links] => Array
        (
            [0] => 01.jpg
            [1] => 02.jpg
            [2] => 03.jpg
            [3] => 04.jpg
            [4] => 05.jpg
            [5] => 06.jpg
            [6] => 07.jpg
            [7] => 08.jpg
            [8] => 09.jpg
            [9] => 10.jpg
            [10] => 11.jpg
            [11] => 12.jpg
            [12] => 13.jpg
            [13] => 14.jpg
            [14] => 15.jpg
        )

    [error] => Error loading file
)



### 13.04.2019 20:34:14
Array
(
    [links] => Array
        (
            [0] => 01.jpg
            [1] => 02.jpg
            [2] => 03.jpg
            [3] => 04.jpg
            [4] => 05.jpg
            [5] => 06.jpg
            [6] => 07.jpg
            [7] => 08.jpg
            [8] => 09.jpg
            [9] => 10.jpg
            [10] => 11.jpg
            [11] => 12.jpg
            [12] => 13.jpg
            [13] => 14.jpg
            [14] => 15.jpg
        )

    [error] => Error loading file
)



### 13.04.2019 20:34:39
Array
(
    [links] => Array
        (
            [0] => 01.jpg
            [1] => 02.jpg
            [2] => 03.jpg
            [3] => 04.jpg
            [4] => 05.jpg
            [5] => 06.jpg
            [6] => 07.jpg
            [7] => 08.jpg
            [8] => 09.jpg
            [9] => 10.jpg
            [10] => 11.jpg
            [11] => 12.jpg
            [12] => 13.jpg
            [13] => 14.jpg
            [14] => 15.jpg
        )

    [error] => Error loading file
)



### 13.04.2019 20:35:07
Array
(
    [links] => Array
        (
            [0] => 01.jpg
            [1] => 02.jpg
            [2] => 03.jpg
            [3] => 04.jpg
            [4] => 05.jpg
            [5] => 06.jpg
            [6] => 07.jpg
            [7] => 08.jpg
            [8] => 09.jpg
            [9] => 10.jpg
            [10] => 11.jpg
            [11] => 12.jpg
            [12] => 13.jpg
            [13] => 14.jpg
            [14] => 15.jpg
        )

    [error] => 
)



### 13.04.2019 20:37:05
Array
(
    [links] => Array
        (
            [0] => 01.jpg
            [1] => 02.jpg
            [2] => 03.jpg
            [3] => 04.jpg
            [4] => 05.jpg
            [5] => 06.jpg
            [6] => 07.jpg
            [7] => 08.jpg
            [8] => 09.jpg
            [9] => 10.jpg
            [10] => 11.jpg
            [11] => 12.jpg
            [12] => 13.jpg
            [13] => 14.jpg
            [14] => 15.jpg
        )

    [error] => A file with such name already exist!
)



### 13.04.2019 20:37:17
Array
(
    [links] => Array
        (
            [0] => 01.jpg
            [1] => 02.jpg
            [2] => 03.jpg
            [3] => 04.jpg
            [4] => 05.jpg
            [5] => 06.jpg
            [6] => 07.jpg
            [7] => 08.jpg
            [8] => 09.jpg
            [9] => 10.jpg
            [10] => 11.jpg
            [11] => 12.jpg
            [12] => 13.jpg
            [13] => 14.jpg
            [14] => 15.jpg
        )

    [error] => A file with such name already exist!
)



### 13.04.2019 20:38:19
Array
(
    [links] => Array
        (
            [0] => 01.jpg
            [1] => 02.jpg
            [2] => 03.jpg
            [3] => 04.jpg
            [4] => 05.jpg
            [5] => 06.jpg
            [6] => 07.jpg
            [7] => 08.jpg
            [8] => 09.jpg
            [9] => 10.jpg
            [10] => 11.jpg
            [11] => 12.jpg
            [12] => 13.jpg
            [13] => 14.jpg
            [14] => 15.jpg
        )

    [error] => A file with such name already exist!
)



### 13.04.2019 20:38:25
Array
(
    [username] => Вася
)



### 13.04.2019 20:38:28
Array
(
    [links] => Array
        (
            [0] => 01.jpg
            [1] => 02.jpg
            [2] => 03.jpg
            [3] => 04.jpg
            [4] => 05.jpg
            [5] => 06.jpg
            [6] => 07.jpg
            [7] => 08.jpg
            [8] => 09.jpg
            [9] => 10.jpg
            [10] => 11.jpg
            [11] => 12.jpg
            [12] => 13.jpg
            [13] => 14.jpg
            [14] => 15.jpg
        )

    [error] => 
)



### 13.04.2019 20:38:40
Array
(
    [username] => Вася
)



### 13.04.2019 20:39:21
Array
(
    [username] => Вася
)



### 13.04.2019 20:39:25
Array
(
    [links] => Array
        (
            [0] => 01.jpg
            [1] => 02.jpg
            [2] => 03.jpg
            [3] => 04.jpg
            [4] => 05.jpg
            [5] => 06.jpg
            [6] => 07.jpg
            [7] => 08.jpg
            [8] => 09.jpg
            [9] => 10.jpg
            [10] => 11.jpg
            [11] => 12.jpg
            [12] => 13.jpg
            [13] => 14.jpg
            [14] => 15.jpg
        )

    [error] => 
)



### 13.04.2019 21:13:26
Array
(
    [links] => Array
        (
            [0] => 01.jpg
            [1] => 02.jpg
            [2] => 03.jpg
            [3] => 04.jpg
            [4] => 05.jpg
            [5] => 06.jpg
            [6] => 07.jpg
            [7] => 08.jpg
            [8] => 09.jpg
            [9] => 10.jpg
            [10] => 11.jpg
            [11] => 12.jpg
            [12] => 13.jpg
            [13] => 14.jpg
            [14] => 15.jpg
        )

    [error] => 
)



### 13.04.2019 21:13:28
Array
(
    [links] => Array
        (
            [0] => 01.jpg
            [1] => 02.jpg
            [2] => 03.jpg
            [3] => 04.jpg
            [4] => 05.jpg
            [5] => 06.jpg
            [6] => 07.jpg
            [7] => 08.jpg
            [8] => 09.jpg
            [9] => 10.jpg
            [10] => 11.jpg
            [11] => 12.jpg
            [12] => 13.jpg
            [13] => 14.jpg
            [14] => 15.jpg
        )

    [error] => 
)



### 13.04.2019 21:13:52
Array
(
    [links] => Array
        (
            [0] => 01.jpg
            [1] => 02.jpg
            [2] => 03.jpg
            [3] => 04.jpg
            [4] => 05.jpg
            [5] => 06.jpg
            [6] => 07.jpg
            [7] => 08.jpg
            [8] => 09.jpg
            [9] => 10.jpg
            [10] => 11.jpg
            [11] => 12.jpg
            [12] => 13.jpg
            [13] => 14.jpg
            [14] => 15.jpg
        )

    [error] => 
)



### 13.04.2019 21:13:59
Array
(
    [links] => Array
        (
            [0] => 01.jpg
            [1] => 02.jpg
            [2] => 03.jpg
            [3] => 04.jpg
            [4] => 05.jpg
            [5] => 06.jpg
            [6] => 07.jpg
            [7] => 08.jpg
            [8] => 09.jpg
            [9] => 10.jpg
            [10] => 11.jpg
            [11] => 12.jpg
            [12] => 13.jpg
            [13] => 14.jpg
            [14] => 15.jpg
        )

    [error] => 
)



### 13.04.2019 21:14:01
Array
(
    [links] => Array
        (
            [0] => 01.jpg
            [1] => 02.jpg
            [2] => 03.jpg
            [3] => 04.jpg
            [4] => 05.jpg
            [5] => 06.jpg
            [6] => 07.jpg
            [7] => 08.jpg
            [8] => 09.jpg
            [9] => 10.jpg
            [10] => 11.jpg
            [11] => 12.jpg
            [12] => 13.jpg
            [13] => 14.jpg
            [14] => 15.jpg
        )

    [error] => 
)



### 13.04.2019 21:14:04
Array
(
    [links] => Array
        (
            [0] => 01.jpg
            [1] => 02.jpg
            [2] => 03.jpg
            [3] => 04.jpg
            [4] => 05.jpg
            [5] => 06.jpg
            [6] => 07.jpg
            [7] => 08.jpg
            [8] => 09.jpg
            [9] => 10.jpg
            [10] => 11.jpg
            [11] => 12.jpg
            [12] => 13.jpg
            [13] => 14.jpg
            [14] => 15.jpg
        )

    [error] => 
)



### 13.04.2019 21:14:30
Array
(
    [links] => Array
        (
            [0] => 01.jpg
            [1] => 02.jpg
            [2] => 03.jpg
            [3] => 04.jpg
            [4] => 05.jpg
            [5] => 06.jpg
            [6] => 07.jpg
            [7] => 08.jpg
            [8] => 09.jpg
            [9] => 10.jpg
            [10] => 11.jpg
            [11] => 12.jpg
            [12] => 13.jpg
            [13] => 14.jpg
            [14] => 15.jpg
        )

    [error] => 
)



### 13.04.2019 21:14:50
Array
(
    [links] => Array
        (
            [0] => 01.jpg
            [1] => 02.jpg
            [2] => 03.jpg
            [3] => 04.jpg
            [4] => 05.jpg
            [5] => 06.jpg
            [6] => 07.jpg
            [7] => 08.jpg
            [8] => 09.jpg
            [9] => 10.jpg
            [10] => 11.jpg
            [11] => 12.jpg
            [12] => 13.jpg
            [13] => 14.jpg
            [14] => 15.jpg
        )

    [error] => 
)



### 13.04.2019 21:14:53
Array
(
    [links] => Array
        (
            [0] => 01.jpg
            [1] => 02.jpg
            [2] => 03.jpg
            [3] => 04.jpg
            [4] => 05.jpg
            [5] => 06.jpg
            [6] => 07.jpg
            [7] => 08.jpg
            [8] => 09.jpg
            [9] => 10.jpg
            [10] => 11.jpg
            [11] => 12.jpg
            [12] => 13.jpg
            [13] => 14.jpg
            [14] => 15.jpg
        )

    [error] => 
)



### 13.04.2019 21:15:06
Array
(
    [links] => Array
        (
            [0] => 01.jpg
            [1] => 02.jpg
            [2] => 03.jpg
            [3] => 04.jpg
            [4] => 05.jpg
            [5] => 06.jpg
            [6] => 07.jpg
            [7] => 08.jpg
            [8] => 09.jpg
            [9] => 10.jpg
            [10] => 11.jpg
            [11] => 12.jpg
            [12] => 13.jpg
            [13] => 14.jpg
            [14] => 15.jpg
        )

    [error] => 
)



### 13.04.2019 21:15:08
Array
(
    [links] => Array
        (
            [0] => 01.jpg
            [1] => 02.jpg
            [2] => 03.jpg
            [3] => 04.jpg
            [4] => 05.jpg
            [5] => 06.jpg
            [6] => 07.jpg
            [7] => 08.jpg
            [8] => 09.jpg
            [9] => 10.jpg
            [10] => 11.jpg
            [11] => 12.jpg
            [12] => 13.jpg
            [13] => 14.jpg
            [14] => 15.jpg
        )

    [error] => 
)



### 13.04.2019 21:15:11
Array
(
    [username] => Вася
)



### 13.04.2019 21:15:15
Array
(
    [links] => Array
        (
            [0] => 01.jpg
            [1] => 02.jpg
            [2] => 03.jpg
            [3] => 04.jpg
            [4] => 05.jpg
            [5] => 06.jpg
            [6] => 07.jpg
            [7] => 08.jpg
            [8] => 09.jpg
            [9] => 10.jpg
            [10] => 11.jpg
            [11] => 12.jpg
            [12] => 13.jpg
            [13] => 14.jpg
            [14] => 15.jpg
        )

    [error] => 
)



### 15.04.2019 10:51:37
Array
(
    [links] => Array
        (
            [0] => 01.jpg
            [1] => 02.jpg
            [2] => 03.jpg
            [3] => 04.jpg
            [4] => 05.jpg
            [5] => 06.jpg
            [6] => 07.jpg
            [7] => 08.jpg
            [8] => 09.jpg
            [9] => 10.jpg
            [10] => 11.jpg
            [11] => 12.jpg
            [12] => 13.jpg
            [13] => 14.jpg
            [14] => 15.jpg
        )

    [error] => 
)



### 15.04.2019 11:02:43
Array
(
    [links] => Array
        (
            [0] => 01.jpg
            [1] => 02.jpg
            [2] => 03.jpg
            [3] => 04.jpg
            [4] => 05.jpg
            [5] => 06.jpg
            [6] => 07.jpg
            [7] => 08.jpg
            [8] => 09.jpg
            [9] => 10.jpg
            [10] => 11.jpg
            [11] => 12.jpg
            [12] => 13.jpg
            [13] => 14.jpg
            [14] => 15.jpg
        )

    [error] => 
)



### 15.04.2019 11:04:35
Array
(
    [links] => Array
        (
            [0] => 01.jpg
            [1] => 02.jpg
            [2] => 03.jpg
            [3] => 04.jpg
            [4] => 05.jpg
            [5] => 06.jpg
            [6] => 07.jpg
            [7] => 08.jpg
            [8] => 09.jpg
            [9] => 10.jpg
            [10] => 11.jpg
            [11] => 12.jpg
            [12] => 13.jpg
            [13] => 14.jpg
            [14] => 15.jpg
        )

    [error] => 
)



### 15.04.2019 11:05:25
Array
(
    [links] => Array
        (
            [0] => 01.jpg
            [1] => 02.jpg
            [2] => 03.jpg
            [3] => 04.jpg
            [4] => 05.jpg
            [5] => 06.jpg
            [6] => 07.jpg
            [7] => 08.jpg
            [8] => 09.jpg
            [9] => 10.jpg
            [10] => 11.jpg
            [11] => 12.jpg
            [12] => 13.jpg
            [13] => 14.jpg
            [14] => 15.jpg
        )

    [error] => 
)



### 15.04.2019 11:06:01
Array
(
    [links] => Array
        (
            [0] => 01.jpg
            [1] => 02.jpg
            [2] => 03.jpg
            [3] => 04.jpg
            [4] => 05.jpg
            [5] => 06.jpg
            [6] => 07.jpg
            [7] => 08.jpg
            [8] => 09.jpg
            [9] => 10.jpg
            [10] => 11.jpg
            [11] => 12.jpg
            [12] => 13.jpg
            [13] => 14.jpg
            [14] => 15.jpg
        )

    [error] => 
)



### 15.04.2019 11:06:50
Array
(
    [links] => Array
        (
            [0] => 01.jpg
            [1] => 02.jpg
            [2] => 03.jpg
            [3] => 04.jpg
            [4] => 05.jpg
            [5] => 06.jpg
            [6] => 07.jpg
            [7] => 08.jpg
            [8] => 09.jpg
            [9] => 10.jpg
            [10] => 11.jpg
            [11] => 12.jpg
            [12] => 13.jpg
            [13] => 14.jpg
            [14] => 15.jpg
        )

    [error] => 
)



### 15.04.2019 11:07:07
Array
(
    [links] => Array
        (
            [0] => 01.jpg
            [1] => 02.jpg
            [2] => 03.jpg
            [3] => 04.jpg
            [4] => 05.jpg
            [5] => 06.jpg
            [6] => 07.jpg
            [7] => 08.jpg
            [8] => 09.jpg
            [9] => 10.jpg
            [10] => 11.jpg
            [11] => 12.jpg
            [12] => 13.jpg
            [13] => 14.jpg
            [14] => 15.jpg
        )

    [error] => 
)



### 15.04.2019 11:08:22
Array
(
    [links] => Array
        (
            [0] => 01.jpg
            [1] => 02.jpg
            [2] => 03.jpg
            [3] => 04.jpg
            [4] => 05.jpg
            [5] => 06.jpg
            [6] => 07.jpg
            [7] => 08.jpg
            [8] => 09.jpg
            [9] => 10.jpg
            [10] => 11.jpg
            [11] => 12.jpg
            [12] => 13.jpg
            [13] => 14.jpg
            [14] => 15.jpg
        )

    [error] => 
)



### 15.04.2019 11:08:41
Array
(
    [links] => Array
        (
            [0] => 01.jpg
            [1] => 02.jpg
            [2] => 03.jpg
            [3] => 04.jpg
            [4] => 05.jpg
            [5] => 06.jpg
            [6] => 07.jpg
            [7] => 08.jpg
            [8] => 09.jpg
            [9] => 10.jpg
            [10] => 11.jpg
            [11] => 12.jpg
            [12] => 13.jpg
            [13] => 14.jpg
            [14] => 15.jpg
        )

    [error] => 
)



### 15.04.2019 11:09:17
Array
(
    [links] => Array
        (
            [0] => 01.jpg
            [1] => 02.jpg
            [2] => 03.jpg
            [3] => 04.jpg
            [4] => 05.jpg
            [5] => 06.jpg
            [6] => 07.jpg
            [7] => 08.jpg
            [8] => 09.jpg
            [9] => 10.jpg
            [10] => 11.jpg
            [11] => 12.jpg
            [12] => 13.jpg
            [13] => 14.jpg
            [14] => 15.jpg
        )

    [error] => 
)



### 15.04.2019 11:09:35
Array
(
    [links] => Array
        (
            [0] => 01.jpg
            [1] => 02.jpg
            [2] => 03.jpg
            [3] => 04.jpg
            [4] => 05.jpg
            [5] => 06.jpg
            [6] => 07.jpg
            [7] => 08.jpg
            [8] => 09.jpg
            [9] => 10.jpg
            [10] => 11.jpg
            [11] => 12.jpg
            [12] => 13.jpg
            [13] => 14.jpg
            [14] => 15.jpg
        )

    [error] => 
)



### 15.04.2019 11:10:06
Array
(
    [links] => Array
        (
            [0] => 01.jpg
            [1] => 02.jpg
            [2] => 03.jpg
            [3] => 04.jpg
            [4] => 05.jpg
            [5] => 06.jpg
            [6] => 07.jpg
            [7] => 08.jpg
            [8] => 09.jpg
            [9] => 10.jpg
            [10] => 11.jpg
            [11] => 12.jpg
            [12] => 13.jpg
            [13] => 14.jpg
            [14] => 15.jpg
        )

    [error] => 
)



### 15.04.2019 11:10:20
Array
(
    [links] => Array
        (
            [0] => 01.jpg
            [1] => 02.jpg
            [2] => 03.jpg
            [3] => 04.jpg
            [4] => 05.jpg
            [5] => 06.jpg
            [6] => 07.jpg
            [7] => 08.jpg
            [8] => 09.jpg
            [9] => 10.jpg
            [10] => 11.jpg
            [11] => 12.jpg
            [12] => 13.jpg
            [13] => 14.jpg
            [14] => 15.jpg
        )

    [error] => 
)



### 15.04.2019 11:10:39
Array
(
    [links] => Array
        (
            [0] => 01.jpg
            [1] => 02.jpg
            [2] => 03.jpg
            [3] => 04.jpg
            [4] => 05.jpg
            [5] => 06.jpg
            [6] => 07.jpg
            [7] => 08.jpg
            [8] => 09.jpg
            [9] => 10.jpg
            [10] => 11.jpg
            [11] => 12.jpg
            [12] => 13.jpg
            [13] => 14.jpg
            [14] => 15.jpg
        )

    [error] => 
)



### 15.04.2019 11:11:59
Array
(
    [links] => Array
        (
            [0] => 01.jpg
            [1] => 02.jpg
            [2] => 03.jpg
            [3] => 04.jpg
            [4] => 05.jpg
            [5] => 06.jpg
            [6] => 07.jpg
            [7] => 08.jpg
            [8] => 09.jpg
            [9] => 10.jpg
            [10] => 11.jpg
            [11] => 12.jpg
            [12] => 13.jpg
            [13] => 14.jpg
            [14] => 15.jpg
        )

    [error] => 
)



### 15.04.2019 11:12:26
Array
(
    [links] => Array
        (
            [0] => 01.jpg
            [1] => 02.jpg
            [2] => 03.jpg
            [3] => 04.jpg
            [4] => 05.jpg
            [5] => 06.jpg
            [6] => 07.jpg
            [7] => 08.jpg
            [8] => 09.jpg
            [9] => 10.jpg
            [10] => 11.jpg
            [11] => 12.jpg
            [12] => 13.jpg
            [13] => 14.jpg
            [14] => 15.jpg
        )

    [error] => 
)



### 15.04.2019 11:14:15
Array
(
    [links] => Array
        (
            [0] => 01.jpg
            [1] => 02.jpg
            [2] => 03.jpg
            [3] => 04.jpg
            [4] => 05.jpg
            [5] => 06.jpg
            [6] => 07.jpg
            [7] => 08.jpg
            [8] => 09.jpg
            [9] => 10.jpg
            [10] => 11.jpg
            [11] => 12.jpg
            [12] => 13.jpg
            [13] => 14.jpg
            [14] => 15.jpg
        )

    [error] => 
)



### 15.04.2019 11:16:58
Array
(
    [links] => Array
        (
            [0] => 01.jpg
            [1] => 02.jpg
            [2] => 03.jpg
            [3] => 04.jpg
            [4] => 05.jpg
            [5] => 06.jpg
            [6] => 07.jpg
            [7] => 08.jpg
            [8] => 09.jpg
            [9] => 10.jpg
            [10] => 11.jpg
            [11] => 12.jpg
            [12] => 13.jpg
            [13] => 14.jpg
            [14] => 15.jpg
        )

    [error] => 
)



### 15.04.2019 11:17:09
Array
(
    [username] => Вася
)



### 15.04.2019 11:17:13
Array
(
    [links] => Array
        (
            [0] => 01.jpg
            [1] => 02.jpg
            [2] => 03.jpg
            [3] => 04.jpg
            [4] => 05.jpg
            [5] => 06.jpg
            [6] => 07.jpg
            [7] => 08.jpg
            [8] => 09.jpg
            [9] => 10.jpg
            [10] => 11.jpg
            [11] => 12.jpg
            [12] => 13.jpg
            [13] => 14.jpg
            [14] => 15.jpg
        )

    [error] => 
)



### 15.04.2019 11:23:39
Array
(
    [links] => Array
        (
            [0] => 01.jpg
            [1] => 02.jpg
            [2] => 03.jpg
            [3] => 04.jpg
            [4] => 05.jpg
            [5] => 06.jpg
            [6] => 07.jpg
            [7] => 08.jpg
            [8] => 09.jpg
            [9] => 10.jpg
            [10] => 11.jpg
            [11] => 12.jpg
            [12] => 13.jpg
            [13] => 14.jpg
            [14] => 15.jpg
        )

    [pathsmall] => ./img/small
    [pathbig] => ./img/big
    [error] => 
)



### 15.04.2019 11:23:53
Array
(
    [links] => Array
        (
            [0] => 01.jpg
            [1] => 02.jpg
            [2] => 03.jpg
            [3] => 04.jpg
            [4] => 05.jpg
            [5] => 06.jpg
            [6] => 07.jpg
            [7] => 08.jpg
            [8] => 09.jpg
            [9] => 10.jpg
            [10] => 11.jpg
            [11] => 12.jpg
            [12] => 13.jpg
            [13] => 14.jpg
            [14] => 15.jpg
        )

    [pathsmall] => /img/small
    [pathbig] => /img/big
    [error] => 
)



### 15.04.2019 11:24:14
Array
(
    [links] => Array
        (
            [0] => 01.jpg
            [1] => 02.jpg
            [2] => 03.jpg
            [3] => 04.jpg
            [4] => 05.jpg
            [5] => 06.jpg
            [6] => 07.jpg
            [7] => 08.jpg
            [8] => 09.jpg
            [9] => 10.jpg
            [10] => 11.jpg
            [11] => 12.jpg
            [12] => 13.jpg
            [13] => 14.jpg
            [14] => 15.jpg
        )

    [pathsmall] => /img/small/
    [pathbig] => /img/big/
    [error] => 
)



### 15.04.2019 11:24:30
Array
(
    [links] => Array
        (
            [0] => 01.jpg
            [1] => 02.jpg
            [2] => 03.jpg
            [3] => 04.jpg
            [4] => 05.jpg
            [5] => 06.jpg
            [6] => 07.jpg
            [7] => 08.jpg
            [8] => 09.jpg
            [9] => 10.jpg
            [10] => 11.jpg
            [11] => 12.jpg
            [12] => 13.jpg
            [13] => 14.jpg
            [14] => 15.jpg
        )

    [pathsmall] => ./img/small/
    [pathbig] => ./img/big/
    [error] => 
)



### 15.04.2019 13:25:35
Array
(
    [links] => Array
        (
            [0] => 01.jpg
            [1] => 02.jpg
            [2] => 03.jpg
            [3] => 04.jpg
            [4] => 05.jpg
            [5] => 06.jpg
            [6] => 07.jpg
            [7] => 08.jpg
            [8] => 09.jpg
            [9] => 10.jpg
            [10] => 11.jpg
            [11] => 12.jpg
            [12] => 13.jpg
            [13] => 14.jpg
            [14] => 15.jpg
        )

    [pathsmall] => ./img/small/
    [pathbig] => ./img/big/
    [error] => 
)



### 15.04.2019 13:25:51
Array
(
    [links] => Array
        (
            [0] => 01.jpg
            [1] => 02.jpg
            [2] => 03.jpg
            [3] => 04.jpg
            [4] => 05.jpg
            [5] => 06.jpg
            [6] => 07.jpg
            [7] => 08.jpg
            [8] => 09.jpg
            [9] => 10.jpg
            [10] => 11.jpg
            [11] => 12.jpg
            [12] => 13.jpg
            [13] => 14.jpg
            [14] => 15.jpg
        )

    [pathsmall] => ./img/small/
    [pathbig] => ./img/big/
    [error] => Successful file loading :)
)



### 15.04.2019 13:35:27
Array
(
    [links] => Array
        (
            [0] => 01.jpg
            [1] => 02.jpg
            [2] => 03.jpg
            [3] => 04.jpg
            [4] => 05.jpg
            [5] => 06.jpg
            [6] => 07.jpg
            [7] => 08.jpg
            [8] => 09.jpg
            [9] => 10.jpg
            [10] => 11.jpg
            [11] => 12.jpg
            [12] => 13.jpg
            [13] => 14.jpg
            [14] => 15.jpg
        )

    [pathsmall] => ./img/small/
    [pathbig] => ./img/big/
    [error] => A file with such name already exist! :(
)



### 15.04.2019 13:35:40
Array
(
    [links] => Array
        (
            [0] => 01.jpg
            [1] => 02.jpg
            [2] => 03.jpg
            [3] => 04.jpg
            [4] => 05.jpg
            [5] => 06.jpg
            [6] => 07.jpg
            [7] => 08.jpg
            [8] => 09.jpg
            [9] => 10.jpg
            [10] => 11.jpg
            [11] => 12.jpg
            [12] => 13.jpg
            [13] => 14.jpg
            [14] => 15.jpg
        )

    [pathsmall] => ./img/small/
    [pathbig] => ./img/big/
    [error] => Successful file loading :)
)



### 15.04.2019 13:35:43
Array
(
    [links] => Array
        (
            [0] => 01.jpg
            [1] => 02.jpg
            [2] => 03.jpg
            [3] => 04.jpg
            [4] => 05.jpg
            [5] => 06.jpg
            [6] => 07.jpg
            [7] => 08.jpg
            [8] => 09.jpg
            [9] => 10.jpg
            [10] => 11.jpg
            [11] => 12.jpg
            [12] => 13.jpg
            [13] => 14.jpg
            [14] => 15.jpg
        )

    [pathsmall] => ./img/small/
    [pathbig] => ./img/big/
    [error] => A file with such name already exist! :(
)



### 15.04.2019 13:39:09
Array
(
    [links] => Array
        (
            [0] => 01.jpg
            [1] => 02.jpg
            [2] => 03.jpg
            [3] => 04.jpg
            [4] => 05.jpg
            [5] => 06.jpg
            [6] => 07.jpg
            [7] => 08.jpg
            [8] => 09.jpg
            [9] => 10.jpg
            [10] => 11.jpg
            [11] => 12.jpg
            [12] => 13.jpg
            [13] => 14.jpg
            [14] => 15.jpg
        )

    [pathsmall] => ./img/small/
    [pathbig] => ./img/big/
    [error] => Successful file loading :)
)



### 15.04.2019 13:41:44
Array
(
    [links] => Array
        (
            [0] => 01.jpg
            [1] => 02.jpg
            [2] => 03.jpg
            [3] => 04.jpg
            [4] => 05.jpg
            [5] => 06.jpg
            [6] => 07.jpg
            [7] => 08.jpg
            [8] => 09.jpg
            [9] => 10.jpg
            [10] => 11.jpg
            [11] => 12.jpg
            [12] => 13.jpg
            [13] => 14.jpg
            [14] => 15.jpg
        )

    [pathsmall] => ./img/small/
    [pathbig] => ./img/big/
    [error] => Successful file loading :)
)



### 15.04.2019 13:42:05
Array
(
    [links] => Array
        (
            [0] => 01.jpg
            [1] => 02.jpg
            [2] => 03.jpg
            [3] => 04.jpg
            [4] => 05.jpg
            [5] => 06.jpg
            [6] => 07.jpg
            [7] => 08.jpg
            [8] => 09.jpg
            [9] => 10.jpg
            [10] => 11.jpg
            [11] => 12.jpg
            [12] => 13.jpg
            [13] => 14.jpg
            [14] => 15.jpg
        )

    [pathsmall] => ./img/small/
    [pathbig] => ./img/big/
    [error] => Successful file loading :)
)



### 15.04.2019 13:42:51
Array
(
    [links] => Array
        (
            [0] => 01.jpg
            [1] => 02.jpg
            [2] => 03.jpg
            [3] => 04.jpg
            [4] => 05.jpg
            [5] => 06.jpg
            [6] => 07.jpg
            [7] => 08.jpg
            [8] => 09.jpg
            [9] => 10.jpg
            [10] => 11.jpg
            [11] => 12.jpg
            [12] => 13.jpg
            [13] => 14.jpg
            [14] => 15.jpg
        )

    [pathsmall] => ./img/small/
    [pathbig] => ./img/big/
    [error] => Successful file loading :)
)



### 15.04.2019 13:44:05
Array
(
    [links] => Array
        (
            [0] => 01.jpg
            [1] => 02.jpg
            [2] => 03.jpg
            [3] => 04.jpg
            [4] => 05.jpg
            [5] => 06.jpg
            [6] => 07.jpg
            [7] => 08.jpg
            [8] => 09.jpg
            [9] => 10.jpg
            [10] => 11.jpg
            [11] => 12.jpg
            [12] => 13.jpg
            [13] => 14.jpg
            [14] => 15.jpg
        )

    [pathsmall] => ./img/small/
    [pathbig] => ./img/big/
    [error] => Error loading file :(
)



### 15.04.2019 13:46:51
Array
(
    [links] => Array
        (
            [0] => 01.jpg
            [1] => 02.jpg
            [2] => 03.jpg
            [3] => 04.jpg
            [4] => 05.jpg
            [5] => 06.jpg
            [6] => 07.jpg
            [7] => 08.jpg
            [8] => 09.jpg
            [9] => 10.jpg
            [10] => 11.jpg
            [11] => 12.jpg
            [12] => 13.jpg
            [13] => 14.jpg
            [14] => 15.jpg
        )

    [pathsmall] => ./img/small/
    [pathbig] => ./img/big/
    [error] => Successful file loading :)
)



### 15.04.2019 13:47:15
Array
(
    [links] => Array
        (
            [0] => 01.jpg
            [1] => 02.jpg
            [2] => 03.jpg
            [3] => 04.jpg
            [4] => 05.jpg
            [5] => 06.jpg
            [6] => 07.jpg
            [7] => 08.jpg
            [8] => 09.jpg
            [9] => 10.jpg
            [10] => 11.jpg
            [11] => 12.jpg
            [12] => 13.jpg
            [13] => 14.jpg
            [14] => 15.jpg
        )

    [pathsmall] => ./img/small/
    [pathbig] => ./img/big/
    [error] => Successful file loading :)
)



### 15.04.2019 13:47:35
Array
(
    [username] => Вася
)



### 15.04.2019 13:47:42
Array
(
    [links] => Array
        (
            [0] => 01.jpg
            [1] => 02.jpg
            [2] => 03.jpg
            [3] => 04.jpg
            [4] => 05.jpg
            [5] => 06.jpg
            [6] => 07.jpg
            [7] => 08.jpg
            [8] => 09.jpg
            [9] => 10.jpg
            [10] => 11.jpg
            [11] => 12.jpg
            [12] => 13.jpg
            [13] => 14.jpg
            [14] => 15.jpg
        )

    [pathsmall] => ./img/small/
    [pathbig] => ./img/big/
    [error] => 
)



### 15.04.2019 13:47:44
Array
(
    [links] => Array
        (
            [0] => 01.jpg
            [1] => 02.jpg
            [2] => 03.jpg
            [3] => 04.jpg
            [4] => 05.jpg
            [5] => 06.jpg
            [6] => 07.jpg
            [7] => 08.jpg
            [8] => 09.jpg
            [9] => 10.jpg
            [10] => 11.jpg
            [11] => 12.jpg
            [12] => 13.jpg
            [13] => 14.jpg
            [14] => 15.jpg
        )

    [pathsmall] => ./img/small/
    [pathbig] => ./img/big/
    [error] => Downloading files with such extension is not allowed! :(
)



### 15.04.2019 13:47:55
Array
(
    [links] => Array
        (
            [0] => 01.jpg
            [1] => 02.jpg
            [2] => 03.jpg
            [3] => 04.jpg
            [4] => 05.jpg
            [5] => 06.jpg
            [6] => 07.jpg
            [7] => 08.jpg
            [8] => 09.jpg
            [9] => 10.jpg
            [10] => 11.jpg
            [11] => 12.jpg
            [12] => 13.jpg
            [13] => 14.jpg
            [14] => 15.jpg
        )

    [pathsmall] => ./img/small/
    [pathbig] => ./img/big/
    [error] => Successful file loading :)
)



### 15.04.2019 13:49:13
Array
(
    [links] => Array
        (
            [0] => 01.jpg
            [1] => 02.jpg
            [2] => 03.jpg
            [3] => 04.jpg
            [4] => 05.jpg
            [5] => 06.jpg
            [6] => 07.jpg
            [7] => 08.jpg
            [8] => 09.jpg
            [9] => 10.jpg
            [10] => 11.jpg
            [11] => 12.jpg
            [12] => 13.jpg
            [13] => 14.jpg
            [14] => 15.jpg
        )

    [pathsmall] => ./img/small/
    [pathbig] => ./img/big/
    [error] => Successful file loading :)
)



### 15.04.2019 14:35:50
Array
(
    [links] => Array
        (
            [0] => 01.jpg
            [1] => 02.jpg
            [2] => 03.jpg
            [3] => 04.jpg
            [4] => 05.jpg
            [5] => 06.jpg
            [6] => 07.jpg
            [7] => 08.jpg
            [8] => 09.jpg
            [9] => 10.jpg
            [10] => 11.jpg
            [11] => 12.jpg
            [12] => 13.jpg
            [13] => 14.jpg
            [14] => 15.jpg
        )

    [pathsmall] => ./img/small/
    [pathbig] => ./img/big/
    [error] => Successful file loading :)
)



### 15.04.2019 14:37:12
Array
(
    [links] => Array
        (
            [0] => 01.jpg
            [1] => 02.jpg
            [2] => 03.jpg
            [3] => 04.jpg
            [4] => 05.jpg
            [5] => 06.jpg
            [6] => 07.jpg
            [7] => 08.jpg
            [8] => 09.jpg
            [9] => 10.jpg
            [10] => 11.jpg
            [11] => 12.jpg
            [12] => 13.jpg
            [13] => 14.jpg
            [14] => 15.jpg
        )

    [pathsmall] => ./img/small/
    [pathbig] => ./img/big/
    [error] => Successful file loading :)
)



### 15.04.2019 14:37:48
Array
(
    [links] => Array
        (
            [0] => 01.jpg
            [1] => 02.jpg
            [2] => 03.jpg
            [3] => 04.jpg
            [4] => 05.jpg
            [5] => 06.jpg
            [6] => 07.jpg
            [7] => 08.jpg
            [8] => 09.jpg
            [9] => 10.jpg
            [10] => 11.jpg
            [11] => 12.jpg
            [12] => 13.jpg
            [13] => 14.jpg
            [14] => 15.jpg
        )

    [pathsmall] => ./img/small/
    [pathbig] => ./img/big/
    [error] => Successful file loading :)
)



### 15.04.2019 14:37:58
Array
(
    [links] => Array
        (
            [0] => 01.jpg
            [1] => 02.jpg
            [2] => 03.jpg
            [3] => 04.jpg
            [4] => 05.jpg
            [5] => 06.jpg
            [6] => 07.jpg
            [7] => 08.jpg
            [8] => 09.jpg
            [9] => 10.jpg
            [10] => 11.jpg
            [11] => 12.jpg
            [12] => 13.jpg
            [13] => 14.jpg
            [14] => 15.jpg
        )

    [pathsmall] => ./img/small/
    [pathbig] => ./img/big/
    [error] => Successful file loading :)
)



### 15.04.2019 14:40:57
Array
(
    [links] => Array
        (
            [0] => 01.jpg
            [1] => 02.jpg
            [2] => 03.jpg
            [3] => 04.jpg
            [4] => 05.jpg
            [5] => 06.jpg
            [6] => 07.jpg
            [7] => 08.jpg
            [8] => 09.jpg
            [9] => 10.jpg
            [10] => 11.jpg
            [11] => 12.jpg
            [12] => 13.jpg
            [13] => 14.jpg
            [14] => 15.jpg
        )

    [pathsmall] => ./img/small/
    [pathbig] => ./img/big/
    [error] => Successful file loading :)
)



### 15.04.2019 14:42:15
Array
(
    [links] => Array
        (
            [0] => 01.jpg
            [1] => 02.jpg
            [2] => 03.jpg
            [3] => 04.jpg
            [4] => 05.jpg
            [5] => 06.jpg
            [6] => 07.jpg
            [7] => 08.jpg
            [8] => 09.jpg
            [9] => 10.jpg
            [10] => 11.jpg
            [11] => 12.jpg
            [12] => 13.jpg
            [13] => 14.jpg
            [14] => 15.jpg
        )

    [pathsmall] => ./img/small/
    [pathbig] => ./img/big/
    [error] => Successful file loading :)
)



### 15.04.2019 14:42:49
Array
(
    [links] => Array
        (
            [0] => 01.jpg
            [1] => 02.jpg
            [2] => 03.jpg
            [3] => 04.jpg
            [4] => 05.jpg
            [5] => 06.jpg
            [6] => 07.jpg
            [7] => 08.jpg
            [8] => 09.jpg
            [9] => 10.jpg
            [10] => 11.jpg
            [11] => 12.jpg
            [12] => 13.jpg
            [13] => 14.jpg
            [14] => 15.jpg
        )

    [pathsmall] => ./img/small/
    [pathbig] => ./img/big/
    [error] => Successful file loading :)
)



### 15.04.2019 14:43:06
Array
(
    [links] => Array
        (
            [0] => 01.jpg
            [1] => 02.jpg
            [2] => 03.jpg
            [3] => 04.jpg
            [4] => 05.jpg
            [5] => 06.jpg
            [6] => 07.jpg
            [7] => 08.jpg
            [8] => 09.jpg
            [9] => 10.jpg
            [10] => 11.jpg
            [11] => 12.jpg
            [12] => 13.jpg
            [13] => 14.jpg
            [14] => 15.jpg
        )

    [pathsmall] => ./img/small/
    [pathbig] => ./img/big/
    [error] => Successful file loading :)
)



### 15.04.2019 14:43:54
Array
(
    [links] => Array
        (
            [0] => 01.jpg
            [1] => 02.jpg
            [2] => 03.jpg
            [3] => 04.jpg
            [4] => 05.jpg
            [5] => 06.jpg
            [6] => 07.jpg
            [7] => 08.jpg
            [8] => 09.jpg
            [9] => 10.jpg
            [10] => 11.jpg
            [11] => 12.jpg
            [12] => 13.jpg
            [13] => 14.jpg
            [14] => 15.jpg
        )

    [pathsmall] => ./img/small/
    [pathbig] => ./img/big/
    [error] => Successful file loading :)
)



### 15.04.2019 14:44:43
Array
(
    [links] => Array
        (
            [0] => 01.jpg
            [1] => 02.jpg
            [2] => 03.jpg
            [3] => 04.jpg
            [4] => 05.jpg
            [5] => 06.jpg
            [6] => 07.jpg
            [7] => 08.jpg
            [8] => 09.jpg
            [9] => 10.jpg
            [10] => 11.jpg
            [11] => 12.jpg
            [12] => 13.jpg
            [13] => 14.jpg
            [14] => 15.jpg
        )

    [pathsmall] => ./img/small/
    [pathbig] => ./img/big/
    [error] => Successful file loading :)
)



### 15.04.2019 14:45:28
Array
(
    [links] => Array
        (
            [0] => 01.jpg
            [1] => 02.jpg
            [2] => 03.jpg
            [3] => 04.jpg
            [4] => 05.jpg
            [5] => 06.jpg
            [6] => 07.jpg
            [7] => 08.jpg
            [8] => 09.jpg
            [9] => 10.jpg
            [10] => 11.jpg
            [11] => 12.jpg
            [12] => 13.jpg
            [13] => 14.jpg
            [14] => 15.jpg
        )

    [pathsmall] => ./img/small/
    [pathbig] => ./img/big/
    [error] => Successful file loading :)
)



### 15.04.2019 14:46:16
Array
(
    [links] => Array
        (
            [0] => 01.jpg
            [1] => 02.jpg
            [2] => 03.jpg
            [3] => 04.jpg
            [4] => 05.jpg
            [5] => 06.jpg
            [6] => 07.jpg
            [7] => 08.jpg
            [8] => 09.jpg
            [9] => 10.jpg
            [10] => 11.jpg
            [11] => 12.jpg
            [12] => 13.jpg
            [13] => 14.jpg
            [14] => 15.jpg
        )

    [pathsmall] => ./img/small/
    [pathbig] => ./img/big/
    [error] => Successful file loading :)
)



### 15.04.2019 14:47:12
Array
(
    [links] => Array
        (
            [0] => 01.jpg
            [1] => 02.jpg
            [2] => 03.jpg
            [3] => 04.jpg
            [4] => 05.jpg
            [5] => 06.jpg
            [6] => 07.jpg
            [7] => 08.jpg
            [8] => 09.jpg
            [9] => 10.jpg
            [10] => 11.jpg
            [11] => 12.jpg
            [12] => 13.jpg
            [13] => 14.jpg
            [14] => 15.jpg
        )

    [pathsmall] => ./img/small/
    [pathbig] => ./img/big/
    [error] => Successful file loading :)
)



### 15.04.2019 14:48:44
Array
(
    [username] => Вася
)



### 15.04.2019 14:48:57
Array
(
    [links] => Array
        (
            [0] => 01.jpg
            [1] => 02.jpg
            [2] => 03.jpg
            [3] => 04.jpg
            [4] => 05.jpg
            [5] => 06.jpg
            [6] => 07.jpg
            [7] => 08.jpg
            [8] => 09.jpg
            [9] => 10.jpg
            [10] => 11.jpg
            [11] => 12.jpg
            [12] => 13.jpg
            [13] => 14.jpg
            [14] => 15.jpg
        )

    [pathsmall] => ./img/small/
    [pathbig] => ./img/big/
    [error] => 
)



### 15.04.2019 14:50:15
Array
(
    [links] => Array
        (
            [0] => 01.jpg
            [1] => 02.jpg
            [2] => 03.jpg
            [3] => 04.jpg
            [4] => 05.jpg
            [5] => 06.jpg
            [6] => 07.jpg
            [7] => 08.jpg
            [8] => 09.jpg
            [9] => 10.jpg
            [10] => 11.jpg
            [11] => 12.jpg
            [12] => 13.jpg
            [13] => 14.jpg
            [14] => 15.jpg
        )

    [pathsmall] => ./img/small/
    [pathbig] => ./img/big/
    [error] => 
)



### 15.04.2019 14:51:30
Array
(
    [links] => Array
        (
            [0] => 01.jpg
            [1] => 02.jpg
            [2] => 03.jpg
            [3] => 04.jpg
            [4] => 05.jpg
            [5] => 06.jpg
            [6] => 07.jpg
            [7] => 08.jpg
            [8] => 09.jpg
            [9] => 10.jpg
            [10] => 11.jpg
            [11] => 12.jpg
            [12] => 13.jpg
            [13] => 14.jpg
            [14] => 15.jpg
        )

    [pathsmall] => ./img/small/
    [pathbig] => ./img/big/
    [error] => 
)



### 15.04.2019 14:54:15
Array
(
    [links] => Array
        (
            [0] => 01.jpg
            [1] => 02.jpg
            [2] => 03.jpg
            [3] => 04.jpg
            [4] => 05.jpg
            [5] => 06.jpg
            [6] => 07.jpg
            [7] => 08.jpg
            [8] => 09.jpg
            [9] => 10.jpg
            [10] => 11.jpg
            [11] => 12.jpg
            [12] => 13.jpg
            [13] => 14.jpg
            [14] => 15.jpg
        )

    [pathsmall] => ./img/small/
    [pathbig] => ./img/big/
    [error] => 
)



### 15.04.2019 14:54:59
Array
(
    [links] => Array
        (
            [0] => 01.jpg
            [1] => 02.jpg
            [2] => 03.jpg
            [3] => 04.jpg
            [4] => 05.jpg
            [5] => 06.jpg
            [6] => 07.jpg
            [7] => 08.jpg
            [8] => 09.jpg
            [9] => 10.jpg
            [10] => 11.jpg
            [11] => 12.jpg
            [12] => 13.jpg
            [13] => 14.jpg
            [14] => 15.jpg
        )

    [pathsmall] => ./img/small/
    [pathbig] => ./img/big/
    [error] => 
)



### 15.04.2019 14:58:19
Array
(
    [links] => Array
        (
            [0] => 01.jpg
            [1] => 02.jpg
            [2] => 03.jpg
            [3] => 04.jpg
            [4] => 05.jpg
            [5] => 06.jpg
            [6] => 07.jpg
            [7] => 08.jpg
            [8] => 09.jpg
            [9] => 10.jpg
            [10] => 11.jpg
            [11] => 12.jpg
            [12] => 13.jpg
            [13] => 14.jpg
            [14] => 15.jpg
        )

    [pathsmall] => ./img/small/
    [pathbig] => ./img/big/
    [error] => 
)



### 15.04.2019 14:59:38
Array
(
    [links] => Array
        (
            [0] => 01.jpg
            [1] => 02.jpg
            [2] => 03.jpg
            [3] => 04.jpg
            [4] => 05.jpg
            [5] => 06.jpg
            [6] => 07.jpg
            [7] => 08.jpg
            [8] => 09.jpg
            [9] => 10.jpg
            [10] => 11.jpg
            [11] => 12.jpg
            [12] => 13.jpg
            [13] => 14.jpg
            [14] => 15.jpg
        )

    [pathsmall] => ./img/small/
    [pathbig] => ./img/big/
    [error] => 
)



### 15.04.2019 15:00:33
Array
(
    [links] => Array
        (
            [0] => 01.jpg
            [1] => 02.jpg
            [2] => 03.jpg
            [3] => 04.jpg
            [4] => 05.jpg
            [5] => 06.jpg
            [6] => 07.jpg
            [7] => 08.jpg
            [8] => 09.jpg
            [9] => 10.jpg
            [10] => 11.jpg
            [11] => 12.jpg
            [12] => 13.jpg
            [13] => 14.jpg
            [14] => 15.jpg
        )

    [pathsmall] => ./img/small/
    [pathbig] => ./img/big/
    [error] => 
)



### 15.04.2019 15:01:00
Array
(
    [links] => Array
        (
            [0] => 01.jpg
            [1] => 02.jpg
            [2] => 03.jpg
            [3] => 04.jpg
            [4] => 05.jpg
            [5] => 06.jpg
            [6] => 07.jpg
            [7] => 08.jpg
            [8] => 09.jpg
            [9] => 10.jpg
            [10] => 11.jpg
            [11] => 12.jpg
            [12] => 13.jpg
            [13] => 14.jpg
            [14] => 15.jpg
        )

    [pathsmall] => ./img/small/
    [pathbig] => ./img/big/
    [error] => 
)



### 15.04.2019 15:01:04
Array
(
    [username] => Вася
)



### 15.04.2019 15:01:12
Array
(
    [links] => Array
        (
            [0] => 01.jpg
            [1] => 02.jpg
            [2] => 03.jpg
            [3] => 04.jpg
            [4] => 05.jpg
            [5] => 06.jpg
            [6] => 07.jpg
            [7] => 08.jpg
            [8] => 09.jpg
            [9] => 10.jpg
            [10] => 11.jpg
            [11] => 12.jpg
            [12] => 13.jpg
            [13] => 14.jpg
            [14] => 15.jpg
        )

    [pathsmall] => ./img/small/
    [pathbig] => ./img/big/
    [error] => 
)



### 15.04.2019 15:02:00
Array
(
    [links] => Array
        (
            [0] => 01.jpg
            [1] => 02.jpg
            [2] => 03.jpg
            [3] => 04.jpg
            [4] => 05.jpg
            [5] => 06.jpg
            [6] => 07.jpg
            [7] => 08.jpg
            [8] => 09.jpg
            [9] => 10.jpg
            [10] => 11.jpg
            [11] => 12.jpg
            [12] => 13.jpg
            [13] => 14.jpg
            [14] => 15.jpg
        )

    [pathsmall] => ./img/small/
    [pathbig] => ./img/big/
    [error] => 
)



### 15.04.2019 15:02:06
Array
(
    [links] => Array
        (
            [0] => 01.jpg
            [1] => 02.jpg
            [2] => 03.jpg
            [3] => 04.jpg
            [4] => 05.jpg
            [5] => 06.jpg
            [6] => 07.jpg
            [7] => 08.jpg
            [8] => 09.jpg
            [9] => 10.jpg
            [10] => 11.jpg
            [11] => 12.jpg
            [12] => 13.jpg
            [13] => 14.jpg
            [14] => 15.jpg
        )

    [pathsmall] => ./img/small/
    [pathbig] => ./img/big/
    [error] => Successful file loading :)
)



### 15.04.2019 15:04:36
Array
(
    [links] => Array
        (
            [0] => 01.jpg
            [1] => 02.jpg
            [2] => 03.jpg
            [3] => 04.jpg
            [4] => 05.jpg
            [5] => 06.jpg
            [6] => 07.jpg
            [7] => 08.jpg
            [8] => 09.jpg
            [9] => 10.jpg
            [10] => 11.jpg
            [11] => 12.jpg
            [12] => 13.jpg
            [13] => 14.jpg
            [14] => 15.jpg
            [15] => 19836_en_1.jpg
        )

    [pathsmall] => ./img/small/
    [pathbig] => ./img/big/
    [error] => Successful file loading :)
)



### 15.04.2019 15:05:04
Array
(
    [links] => Array
        (
            [0] => 01.jpg
            [1] => 02.jpg
            [2] => 03.jpg
            [3] => 04.jpg
            [4] => 05.jpg
            [5] => 06.jpg
            [6] => 07.jpg
            [7] => 08.jpg
            [8] => 09.jpg
            [9] => 10.jpg
            [10] => 11.jpg
            [11] => 12.jpg
            [12] => 13.jpg
            [13] => 14.jpg
            [14] => 15.jpg
            [15] => 19100_en_1.jpg
            [16] => 19836_en_1.jpg
        )

    [pathsmall] => ./img/small/
    [pathbig] => ./img/big/
    [error] => Successful file loading :)
)



### 15.04.2019 15:07:29
Array
(
    [links] => Array
        (
            [0] => 01.jpg
            [1] => 02.jpg
            [2] => 03.jpg
            [3] => 04.jpg
            [4] => 05.jpg
            [5] => 06.jpg
            [6] => 07.jpg
            [7] => 08.jpg
            [8] => 09.jpg
            [9] => 10.jpg
            [10] => 11.jpg
            [11] => 12.jpg
            [12] => 13.jpg
            [13] => 14.jpg
            [14] => 15.jpg
            [15] => 19100_en_1.jpg
            [16] => 19836_en_1.jpg
        )

    [pathsmall] => ./img/small/
    [pathbig] => ./img/big/
    [error] => Successful file loading :)
)



### 15.04.2019 15:08:19
Array
(
    [links] => Array
        (
            [0] => 01.jpg
            [1] => 02.jpg
            [2] => 03.jpg
            [3] => 04.jpg
            [4] => 05.jpg
            [5] => 06.jpg
            [6] => 07.jpg
            [7] => 08.jpg
            [8] => 09.jpg
            [9] => 10.jpg
            [10] => 11.jpg
            [11] => 12.jpg
            [12] => 13.jpg
            [13] => 14.jpg
            [14] => 15.jpg
            [15] => 19100_en_1.jpg
            [16] => 19836_en_1.jpg
        )

    [pathsmall] => ./img/small/
    [pathbig] => ./img/big/
    [error] => Successful file loading :)
)



### 15.04.2019 15:09:11
Array
(
    [links] => Array
        (
            [0] => 01.jpg
            [1] => 02.jpg
            [2] => 03.jpg
            [3] => 04.jpg
            [4] => 05.jpg
            [5] => 06.jpg
            [6] => 07.jpg
            [7] => 08.jpg
            [8] => 09.jpg
            [9] => 10.jpg
            [10] => 11.jpg
            [11] => 12.jpg
            [12] => 13.jpg
            [13] => 14.jpg
            [14] => 15.jpg
            [15] => 19100_en_1.jpg
            [16] => 19836_en_1.jpg
        )

    [pathsmall] => ./img/small/
    [pathbig] => ./img/big/
    [error] => Successful file loading :)
)



### 15.04.2019 15:10:27
Array
(
    [links] => Array
        (
            [0] => 01.jpg
            [1] => 02.jpg
            [2] => 03.jpg
            [3] => 04.jpg
            [4] => 05.jpg
            [5] => 06.jpg
            [6] => 07.jpg
            [7] => 08.jpg
            [8] => 09.jpg
            [9] => 10.jpg
            [10] => 11.jpg
            [11] => 12.jpg
            [12] => 13.jpg
            [13] => 14.jpg
            [14] => 15.jpg
            [15] => 19100_en_1.jpg
            [16] => 19836_en_1.jpg
        )

    [pathsmall] => ./img/small/
    [pathbig] => ./img/big/
    [error] => Successful file loading :)
)



